# JRE version: OpenJDK Runtime Environment Corretto-18.0.2.9.1 (18.0.2+9) (build 18.0.2+9-FR)
# Java VM: OpenJDK 64-Bit Server VM Corretto-18.0.2.9.1 (18.0.2+9-FR, mixed mode, sharing, tiered, compressed oops, compressed class ptrs, g1 gc, windows-amd64)
GC Precious Log:
 CardTable entry size: 512
 Card Set container configuration: InlinePtr #cards 5 size 8 Array Of Cards #cards 12 size 40 Howl #buckets 4 coarsen threshold 1843 Howl Bitmap #cards 512 size 80 coarsen threshold 460 Card regions per heap region 1 cards per card region 2048
 CPUs: 4 total, 4 available
 Memory: 4012M
 Large Page Support: Disabled
 NUMA Support: Disabled
 Compressed Oops: Enabled (32-bit)
 Heap Region Size: 1M
 Heap Min Capacity: 8M
 Heap Initial Capacity: 64M
 Heap Max Capacity: 1004M
 Pre-touch: Disabled
 Parallel Workers: 4
 Concurrent Workers: 1
 Concurrent Refinement Workers: 4
 Periodic GC: Disabled
Heap:
 garbage-first heap   total 66560K, used 37254K [0x00000000c1400000, 0x0000000100000000)
  region size 1024K, 13 young (13312K), 2 survivors (2048K)
 Metaspace       used 60750K, committed 61440K, reserved 1114112K
  class space    used 8110K, committed 8448K, reserved 1048576K
GC Heap History (20 events):
Event: 7.851 GC heap before
{Heap before GC invocations=6 (full 0):
 garbage-first heap   total 55296K, used 42125K [0x00000000c1400000, 0x0000000100000000)
  region size 1024K, 32 young (32768K), 5 survivors (5120K)
 Metaspace       used 26079K, committed 26496K, reserved 1114112K
  class space    used 3272K, committed 3456K, reserved 1048576K
}
Event: 7.870 GC heap after
{Heap after GC invocations=7 (full 0):
 garbage-first heap   total 55296K, used 17018K [0x00000000c1400000, 0x0000000100000000)
  region size 1024K, 4 young (4096K), 4 survivors (4096K)
 Metaspace       used 26079K, committed 26496K, reserved 1114112K
  class space    used 3272K, committed 3456K, reserved 1048576K
}
Event: 8.900 GC heap before
{Heap before GC invocations=7 (full 0):
 garbage-first heap   total 55296K, used 39546K [0x00000000c1400000, 0x0000000100000000)
  region size 1024K, 26 young (26624K), 4 survivors (4096K)
 Metaspace       used 30123K, committed 30528K, reserved 1114112K
  class space    used 3721K, committed 3904K, reserved 1048576K
}
Event: 8.913 GC heap after
{Heap after GC invocations=8 (full 0):
 garbage-first heap   total 55296K, used 19667K [0x00000000c1400000, 0x0000000100000000)
  region size 1024K, 3 young (3072K), 3 survivors (3072K)
 Metaspace       used 30123K, committed 30528K, reserved 1114112K
  class space    used 3721K, committed 3904K, reserved 1048576K
}
Event: 10.108 GC heap before
{Heap before GC invocations=8 (full 0):
 garbage-first heap   total 55296K, used 39123K [0x00000000c1400000, 0x0000000100000000)
  region size 1024K, 22 young (22528K), 3 survivors (3072K)
 Metaspace       used 35065K, committed 35712K, reserved 1114112K
  class space    used 4434K, committed 4736K, reserved 1048576K
}
Event: 10.114 GC heap after
{Heap after GC invocations=9 (full 0):
 garbage-first heap   total 55296K, used 21037K [0x00000000c1400000, 0x0000000100000000)
  region size 1024K, 2 young (2048K), 2 survivors (2048K)
 Metaspace       used 35065K, committed 35712K, reserved 1114112K
  class space    used 4434K, committed 4736K, reserved 1048576K
}
Event: 10.180 GC heap before
{Heap before GC invocations=9 (full 0):
 garbage-first heap   total 55296K, used 22061K [0x00000000c1400000, 0x0000000100000000)
  region size 1024K, 4 young (4096K), 2 survivors (2048K)
 Metaspace       used 35383K, committed 35968K, reserved 1114112K
  class space    used 4497K, committed 4800K, reserved 1048576K
}
Event: 10.184 GC heap after
{Heap after GC invocations=10 (full 0):
 garbage-first heap   total 55296K, used 21044K [0x00000000c1400000, 0x0000000100000000)
  region size 1024K, 2 young (2048K), 2 survivors (2048K)
 Metaspace       used 35383K, committed 35968K, reserved 1114112K
  class space    used 4497K, committed 4800K, reserved 1048576K
}
Event: 11.876 GC heap before
{Heap before GC invocations=11 (full 0):
 garbage-first heap   total 55296K, used 40500K [0x00000000c1400000, 0x0000000100000000)
  region size 1024K, 22 young (22528K), 2 survivors (2048K)
 Metaspace       used 42723K, committed 43264K, reserved 1114112K
  class space    used 5367K, committed 5632K, reserved 1048576K
}
Event: 11.887 GC heap after
{Heap after GC invocations=12 (full 0):
 garbage-first heap   total 55296K, used 22316K [0x00000000c1400000, 0x0000000100000000)
  region size 1024K, 3 young (3072K), 3 survivors (3072K)
 Metaspace       used 42723K, committed 43264K, reserved 1114112K
  class space    used 5367K, committed 5632K, reserved 1048576K
}
Event: 13.276 GC heap before
{Heap before GC invocations=12 (full 0):
 garbage-first heap   total 55296K, used 42796K [0x00000000c1400000, 0x0000000100000000)
  region size 1024K, 23 young (23552K), 3 survivors (3072K)
 Metaspace       used 46217K, committed 46784K, reserved 1114112K
  class space    used 5803K, committed 6080K, reserved 1048576K
}
Event: 13.286 GC heap after
{Heap after GC invocations=13 (full 0):
 garbage-first heap   total 55296K, used 23431K [0x00000000c1400000, 0x0000000100000000)
  region size 1024K, 3 young (3072K), 3 survivors (3072K)
 Metaspace       used 46217K, committed 46784K, reserved 1114112K
  class space    used 5803K, committed 6080K, reserved 1048576K
}
Event: 14.471 GC heap before
{Heap before GC invocations=13 (full 0):
 garbage-first heap   total 55296K, used 41863K [0x00000000c1400000, 0x0000000100000000)
  region size 1024K, 22 young (22528K), 3 survivors (3072K)
 Metaspace       used 52017K, committed 52608K, reserved 1114112K
  class space    used 6729K, committed 6976K, reserved 1048576K
}
Event: 14.478 GC heap after
{Heap after GC invocations=14 (full 0):
 garbage-first heap   total 55296K, used 24407K [0x00000000c1400000, 0x0000000100000000)
  region size 1024K, 3 young (3072K), 3 survivors (3072K)
 Metaspace       used 52017K, committed 52608K, reserved 1114112K
  class space    used 6729K, committed 6976K, reserved 1048576K
}
Event: 15.425 GC heap before
{Heap before GC invocations=14 (full 0):
 garbage-first heap   total 55296K, used 41815K [0x00000000c1400000, 0x0000000100000000)
  region size 1024K, 21 young (21504K), 3 survivors (3072K)
 Metaspace       used 56425K, committed 57024K, reserved 1114112K
  class space    used 7423K, committed 7680K, reserved 1048576K
}
Event: 15.431 GC heap after
{Heap after GC invocations=15 (full 0):
 garbage-first heap   total 55296K, used 25475K [0x00000000c1400000, 0x0000000100000000)
  region size 1024K, 2 young (2048K), 2 survivors (2048K)
 Metaspace       used 56425K, committed 57024K, reserved 1114112K
  class space    used 7423K, committed 7680K, reserved 1048576K
}
Event: 16.314 GC heap before
{Heap before GC invocations=15 (full 0):
 garbage-first heap   total 55296K, used 43907K [0x00000000c1400000, 0x0000000100000000)
  region size 1024K, 20 young (20480K), 2 survivors (2048K)
 Metaspace       used 58945K, committed 59520K, reserved 1114112K
  class space    used 7719K, committed 8000K, reserved 1048576K
}
Event: 16.324 GC heap after
{Heap after GC invocations=16 (full 0):
 garbage-first heap   total 55296K, used 26579K [0x00000000c1400000, 0x0000000100000000)
  region size 1024K, 3 young (3072K), 3 survivors (3072K)
 Metaspace       used 58945K, committed 59520K, reserved 1114112K
  class space    used 7719K, committed 8000K, reserved 1048576K
}
Event: 16.582 GC heap before
{Heap before GC invocations=16 (full 0):
 garbage-first heap   total 55296K, used 30675K [0x00000000c1400000, 0x0000000100000000)
  region size 1024K, 8 young (8192K), 3 survivors (3072K)
 Metaspace       used 59901K, committed 60480K, reserved 1114112K
  class space    used 7841K, committed 8128K, reserved 1048576K
}
Event: 16.589 GC heap after
{Heap after GC invocations=17 (full 0):
 garbage-first heap   total 66560K, used 27014K [0x00000000c1400000, 0x0000000100000000)
  region size 1024K, 2 young (2048K), 2 survivors (2048K)
 Metaspace       used 59901K, committed 60480K, reserved 1114112K
  class space    used 7841K, committed 8128K, reserved 1048576K
}

