# JRE version: OpenJDK Runtime Environment Corretto-18.0.2.9.1 (18.0.2+9) (build 18.0.2+9-FR)
# Java VM: OpenJDK 64-Bit Server VM Corretto-18.0.2.9.1 (18.0.2+9-FR, mixed mode, sharing, tiered, compressed oops, compressed class ptrs, g1 gc, windows-amd64)
GC Precious Log:
 CardTable entry size: 512
 Card Set container configuration: InlinePtr #cards 5 size 8 Array Of Cards #cards 12 size 40 Howl #buckets 4 coarsen threshold 1843 Howl Bitmap #cards 512 size 80 coarsen threshold 460 Card regions per heap region 1 cards per card region 2048
 CPUs: 4 total, 4 available
 Memory: 4012M
 Large Page Support: Disabled
 NUMA Support: Disabled
 Compressed Oops: Enabled (32-bit)
 Heap Region Size: 1M
 Heap Min Capacity: 8M
 Heap Initial Capacity: 64M
 Heap Max Capacity: 1004M
 Pre-touch: Disabled
 Parallel Workers: 4
 Concurrent Workers: 1
 Concurrent Refinement Workers: 4
 Periodic GC: Disabled
Heap:
 garbage-first heap   total 50176K, used 28369K [0x00000000c1400000, 0x0000000100000000)
  region size 1024K, 3 young (3072K), 2 survivors (2048K)
 Metaspace       used 62549K, committed 63168K, reserved 1114112K
  class space    used 8269K, committed 8576K, reserved 1048576K
GC Heap History (20 events):
Event: 34.062 GC heap before
{Heap before GC invocations=9 (full 0):
 garbage-first heap   total 48128K, used 30114K [0x00000000c1400000, 0x0000000100000000)
  region size 1024K, 15 young (15360K), 3 survivors (3072K)
 Metaspace       used 35434K, committed 35968K, reserved 1114112K
  class space    used 4504K, committed 4800K, reserved 1048576K
}
Event: 34.069 GC heap after
{Heap after GC invocations=10 (full 0):
 garbage-first heap   total 48128K, used 19320K [0x00000000c1400000, 0x0000000100000000)
  region size 1024K, 2 young (2048K), 2 survivors (2048K)
 Metaspace       used 35434K, committed 35968K, reserved 1114112K
  class space    used 4504K, committed 4800K, reserved 1048576K
}
Event: 36.027 GC heap before
{Heap before GC invocations=11 (full 0):
 garbage-first heap   total 48128K, used 34680K [0x00000000c1400000, 0x0000000100000000)
  region size 1024K, 18 young (18432K), 2 survivors (2048K)
 Metaspace       used 42166K, committed 42752K, reserved 1114112K
  class space    used 5275K, committed 5568K, reserved 1048576K
}
Event: 36.038 GC heap after
{Heap after GC invocations=12 (full 0):
 garbage-first heap   total 48128K, used 20535K [0x00000000c1400000, 0x0000000100000000)
  region size 1024K, 2 young (2048K), 2 survivors (2048K)
 Metaspace       used 42166K, committed 42752K, reserved 1114112K
  class space    used 5275K, committed 5568K, reserved 1048576K
}
Event: 37.082 GC heap before
{Heap before GC invocations=12 (full 0):
 garbage-first heap   total 48128K, used 34871K [0x00000000c1400000, 0x0000000100000000)
  region size 1024K, 17 young (17408K), 2 survivors (2048K)
 Metaspace       used 45189K, committed 45760K, reserved 1114112K
  class space    used 5690K, committed 5952K, reserved 1048576K
}
Event: 37.087 GC heap after
{Heap after GC invocations=13 (full 0):
 garbage-first heap   total 48128K, used 21458K [0x00000000c1400000, 0x0000000100000000)
  region size 1024K, 2 young (2048K), 2 survivors (2048K)
 Metaspace       used 45189K, committed 45760K, reserved 1114112K
  class space    used 5690K, committed 5952K, reserved 1048576K
}
Event: 37.956 GC heap before
{Heap before GC invocations=13 (full 0):
 garbage-first heap   total 48128K, used 35794K [0x00000000c1400000, 0x0000000100000000)
  region size 1024K, 17 young (17408K), 2 survivors (2048K)
 Metaspace       used 47936K, committed 48576K, reserved 1114112K
  class space    used 6033K, committed 6336K, reserved 1048576K
}
Event: 37.961 GC heap after
{Heap after GC invocations=14 (full 0):
 garbage-first heap   total 48128K, used 22477K [0x00000000c1400000, 0x0000000100000000)
  region size 1024K, 2 young (2048K), 2 survivors (2048K)
 Metaspace       used 47936K, committed 48576K, reserved 1114112K
  class space    used 6033K, committed 6336K, reserved 1048576K
}
Event: 39.313 GC heap before
{Heap before GC invocations=14 (full 0):
 garbage-first heap   total 48128K, used 37837K [0x00000000c1400000, 0x0000000100000000)
  region size 1024K, 17 young (17408K), 2 survivors (2048K)
 Metaspace       used 52565K, committed 53120K, reserved 1114112K
  class space    used 6823K, committed 7104K, reserved 1048576K
}
Event: 39.319 GC heap after
{Heap after GC invocations=15 (full 0):
 garbage-first heap   total 48128K, used 23098K [0x00000000c1400000, 0x0000000100000000)
  region size 1024K, 2 young (2048K), 2 survivors (2048K)
 Metaspace       used 52565K, committed 53120K, reserved 1114112K
  class space    used 6823K, committed 7104K, reserved 1048576K
}
Event: 40.580 GC heap before
{Heap before GC invocations=15 (full 0):
 garbage-first heap   total 48128K, used 36410K [0x00000000c1400000, 0x0000000100000000)
  region size 1024K, 16 young (16384K), 2 survivors (2048K)
 Metaspace       used 56199K, committed 56768K, reserved 1114112K
  class space    used 7357K, committed 7616K, reserved 1048576K
}
Event: 40.585 GC heap after
{Heap after GC invocations=16 (full 0):
 garbage-first heap   total 48128K, used 23621K [0x00000000c1400000, 0x0000000100000000)
  region size 1024K, 2 young (2048K), 2 survivors (2048K)
 Metaspace       used 56199K, committed 56768K, reserved 1114112K
  class space    used 7357K, committed 7616K, reserved 1048576K
}
Event: 42.450 GC heap before
{Heap before GC invocations=17 (full 0):
 garbage-first heap   total 48128K, used 36933K [0x00000000c1400000, 0x0000000100000000)
  region size 1024K, 16 young (16384K), 2 survivors (2048K)
 Metaspace       used 58773K, committed 59392K, reserved 1114112K
  class space    used 7722K, committed 8000K, reserved 1048576K
}
Event: 42.457 GC heap after
{Heap after GC invocations=18 (full 0):
 garbage-first heap   total 48128K, used 24961K [0x00000000c1400000, 0x0000000100000000)
  region size 1024K, 2 young (2048K), 2 survivors (2048K)
 Metaspace       used 58773K, committed 59392K, reserved 1114112K
  class space    used 7722K, committed 8000K, reserved 1048576K
}
Event: 43.119 GC heap before
{Heap before GC invocations=18 (full 0):
 garbage-first heap   total 48128K, used 38273K [0x00000000c1400000, 0x0000000100000000)
  region size 1024K, 15 young (15360K), 2 survivors (2048K)
 Metaspace       used 59938K, committed 60544K, reserved 1114112K
  class space    used 7903K, committed 8192K, reserved 1048576K
}
Event: 43.125 GC heap after
{Heap after GC invocations=19 (full 0):
 garbage-first heap   total 48128K, used 25535K [0x00000000c1400000, 0x0000000100000000)
  region size 1024K, 1 young (1024K), 1 survivors (1024K)
 Metaspace       used 59938K, committed 60544K, reserved 1114112K
  class space    used 7903K, committed 8192K, reserved 1048576K
}
Event: 44.522 GC heap before
{Heap before GC invocations=20 (full 0):
 garbage-first heap   total 50176K, used 37823K [0x00000000c1400000, 0x0000000100000000)
  region size 1024K, 13 young (13312K), 1 survivors (1024K)
 Metaspace       used 61223K, committed 61888K, reserved 1114112K
  class space    used 8085K, committed 8384K, reserved 1048576K
}
Event: 44.528 GC heap after
{Heap after GC invocations=21 (full 0):
 garbage-first heap   total 50176K, used 26965K [0x00000000c1400000, 0x0000000100000000)
  region size 1024K, 2 young (2048K), 2 survivors (2048K)
 Metaspace       used 61223K, committed 61888K, reserved 1114112K
  class space    used 8085K, committed 8384K, reserved 1048576K
}
Event: 45.432 GC heap before
{Heap before GC invocations=21 (full 0):
 garbage-first heap   total 50176K, used 39253K [0x00000000c1400000, 0x0000000100000000)
  region size 1024K, 14 young (14336K), 2 survivors (2048K)
 Metaspace       used 62547K, committed 63168K, reserved 1114112K
  class space    used 8268K, committed 8576K, reserved 1048576K
}
Event: 45.455 GC heap after
{Heap after GC invocations=22 (full 0):
 garbage-first heap   total 50176K, used 28369K [0x00000000c1400000, 0x0000000100000000)
  region size 1024K, 2 young (2048K), 2 survivors (2048K)
 Metaspace       used 62547K, committed 63168K, reserved 1114112K
  class space    used 8268K, committed 8576K, reserved 1048576K
}

