# JRE version: OpenJDK Runtime Environment Corretto-18.0.2.9.1 (18.0.2+9) (build 18.0.2+9-FR)
# Java VM: OpenJDK 64-Bit Server VM Corretto-18.0.2.9.1 (18.0.2+9-FR, mixed mode, sharing, tiered, compressed oops, compressed class ptrs, g1 gc, windows-amd64)
GC Precious Log:
 CardTable entry size: 512
 Card Set container configuration: InlinePtr #cards 5 size 8 Array Of Cards #cards 12 size 40 Howl #buckets 4 coarsen threshold 1843 Howl Bitmap #cards 512 size 80 coarsen threshold 460 Card regions per heap region 1 cards per card region 2048
 CPUs: 4 total, 4 available
 Memory: 4012M
 Large Page Support: Disabled
 NUMA Support: Disabled
 Compressed Oops: Enabled (32-bit)
 Heap Region Size: 1M
 Heap Min Capacity: 8M
 Heap Initial Capacity: 64M
 Heap Max Capacity: 1004M
 Pre-touch: Disabled
 Parallel Workers: 4
 Concurrent Workers: 1
 Concurrent Refinement Workers: 4
 Periodic GC: Disabled
Heap:
 garbage-first heap   total 58368K, used 39447K [0x00000000c1400000, 0x0000000100000000)
  region size 1024K, 22 young (22528K), 2 survivors (2048K)
 Metaspace       used 50517K, committed 51136K, reserved 1114112K
  class space    used 6442K, committed 6720K, reserved 1048576K
GC Heap History (20 events):
Event: 5.024 GC heap before
{Heap before GC invocations=3 (full 0):
 garbage-first heap   total 65536K, used 37181K [0x00000000c1400000, 0x0000000100000000)
  region size 1024K, 32 young (32768K), 3 survivors (3072K)
 Metaspace       used 18104K, committed 18368K, reserved 1114112K
  class space    used 2168K, committed 2304K, reserved 1048576K
}
Event: 5.038 GC heap after
{Heap after GC invocations=4 (full 0):
 garbage-first heap   total 65536K, used 11523K [0x00000000c1400000, 0x0000000100000000)
  region size 1024K, 4 young (4096K), 4 survivors (4096K)
 Metaspace       used 18104K, committed 18368K, reserved 1114112K
  class space    used 2168K, committed 2304K, reserved 1048576K
}
Event: 6.242 GC heap before
{Heap before GC invocations=4 (full 0):
 garbage-first heap   total 65536K, used 35075K [0x00000000c1400000, 0x0000000100000000)
  region size 1024K, 28 young (28672K), 4 survivors (4096K)
 Metaspace       used 21215K, committed 21504K, reserved 1114112K
  class space    used 2552K, committed 2688K, reserved 1048576K
}
Event: 6.257 GC heap after
{Heap after GC invocations=5 (full 0):
 garbage-first heap   total 65536K, used 13099K [0x00000000c1400000, 0x0000000100000000)
  region size 1024K, 2 young (2048K), 2 survivors (2048K)
 Metaspace       used 21215K, committed 21504K, reserved 1114112K
  class space    used 2552K, committed 2688K, reserved 1048576K
}
Event: 7.717 GC heap before
{Heap before GC invocations=6 (full 0):
 garbage-first heap   total 48128K, used 39723K [0x00000000c1400000, 0x0000000100000000)
  region size 1024K, 28 young (28672K), 2 survivors (2048K)
 Metaspace       used 25816K, committed 26304K, reserved 1114112K
  class space    used 3244K, committed 3456K, reserved 1048576K
}
Event: 7.730 GC heap after
{Heap after GC invocations=7 (full 0):
 garbage-first heap   total 48128K, used 15845K [0x00000000c1400000, 0x0000000100000000)
  region size 1024K, 4 young (4096K), 4 survivors (4096K)
 Metaspace       used 25816K, committed 26304K, reserved 1114112K
  class space    used 3244K, committed 3456K, reserved 1048576K
}
Event: 7.774 GC heap before
{Heap before GC invocations=7 (full 0):
 garbage-first heap   total 48128K, used 16869K [0x00000000c1400000, 0x0000000100000000)
  region size 1024K, 5 young (5120K), 4 survivors (4096K)
 Metaspace       used 25955K, committed 26432K, reserved 1114112K
  class space    used 3259K, committed 3456K, reserved 1048576K
}
Event: 7.788 GC heap after
{Heap after GC invocations=8 (full 0):
 garbage-first heap   total 48128K, used 16353K [0x00000000c1400000, 0x0000000100000000)
  region size 1024K, 1 young (1024K), 1 survivors (1024K)
 Metaspace       used 25955K, committed 26432K, reserved 1114112K
  class space    used 3259K, committed 3456K, reserved 1048576K
}
Event: 8.575 GC heap before
{Heap before GC invocations=8 (full 0):
 garbage-first heap   total 48128K, used 32737K [0x00000000c1400000, 0x0000000100000000)
  region size 1024K, 18 young (18432K), 1 survivors (1024K)
 Metaspace       used 29550K, committed 30016K, reserved 1114112K
  class space    used 3642K, committed 3840K, reserved 1048576K
}
Event: 8.581 GC heap after
{Heap after GC invocations=9 (full 0):
 garbage-first heap   total 48128K, used 17951K [0x00000000c1400000, 0x0000000100000000)
  region size 1024K, 3 young (3072K), 3 survivors (3072K)
 Metaspace       used 29550K, committed 30016K, reserved 1114112K
  class space    used 3642K, committed 3840K, reserved 1048576K
}
Event: 9.365 GC heap before
{Heap before GC invocations=9 (full 0):
 garbage-first heap   total 48128K, used 34335K [0x00000000c1400000, 0x0000000100000000)
  region size 1024K, 19 young (19456K), 3 survivors (3072K)
 Metaspace       used 32887K, committed 33408K, reserved 1114112K
  class space    used 4089K, committed 4352K, reserved 1048576K
}
Event: 9.371 GC heap after
{Heap after GC invocations=10 (full 0):
 garbage-first heap   total 48128K, used 18730K [0x00000000c1400000, 0x0000000100000000)
  region size 1024K, 2 young (2048K), 2 survivors (2048K)
 Metaspace       used 32887K, committed 33408K, reserved 1114112K
  class space    used 4089K, committed 4352K, reserved 1048576K
}
Event: 9.891 GC heap before
{Heap before GC invocations=10 (full 0):
 garbage-first heap   total 48128K, used 28970K [0x00000000c1400000, 0x0000000100000000)
  region size 1024K, 13 young (13312K), 2 survivors (2048K)
 Metaspace       used 35433K, committed 35968K, reserved 1114112K
  class space    used 4512K, committed 4800K, reserved 1048576K
}
Event: 9.895 GC heap after
{Heap after GC invocations=11 (full 0):
 garbage-first heap   total 48128K, used 19284K [0x00000000c1400000, 0x0000000100000000)
  region size 1024K, 2 young (2048K), 2 survivors (2048K)
 Metaspace       used 35433K, committed 35968K, reserved 1114112K
  class space    used 4512K, committed 4800K, reserved 1048576K
}
Event: 10.941 GC heap before
{Heap before GC invocations=12 (full 0):
 garbage-first heap   total 48128K, used 34644K [0x00000000c1400000, 0x0000000100000000)
  region size 1024K, 18 young (18432K), 2 survivors (2048K)
 Metaspace       used 42206K, committed 42816K, reserved 1114112K
  class space    used 5288K, committed 5568K, reserved 1048576K
}
Event: 10.947 GC heap after
{Heap after GC invocations=13 (full 0):
 garbage-first heap   total 48128K, used 20295K [0x00000000c1400000, 0x0000000100000000)
  region size 1024K, 2 young (2048K), 2 survivors (2048K)
 Metaspace       used 42206K, committed 42816K, reserved 1114112K
  class space    used 5288K, committed 5568K, reserved 1048576K
}
Event: 10.984 GC heap before
{Heap before GC invocations=13 (full 0):
 garbage-first heap   total 48128K, used 21319K [0x00000000c1400000, 0x0000000100000000)
  region size 1024K, 3 young (3072K), 2 survivors (2048K)
 Metaspace       used 42372K, committed 42944K, reserved 1114112K
  class space    used 5303K, committed 5568K, reserved 1048576K
}
Event: 10.991 GC heap after
{Heap after GC invocations=14 (full 0):
 garbage-first heap   total 48128K, used 20183K [0x00000000c1400000, 0x0000000100000000)
  region size 1024K, 1 young (1024K), 1 survivors (1024K)
 Metaspace       used 42372K, committed 42944K, reserved 1114112K
  class space    used 5303K, committed 5568K, reserved 1048576K
}
Event: 11.508 GC heap before
{Heap before GC invocations=14 (full 0):
 garbage-first heap   total 48128K, used 35543K [0x00000000c1400000, 0x0000000100000000)
  region size 1024K, 17 young (17408K), 1 survivors (1024K)
 Metaspace       used 44767K, committed 45312K, reserved 1114112K
  class space    used 5634K, committed 5888K, reserved 1048576K
}
Event: 11.511 GC heap after
{Heap after GC invocations=15 (full 0):
 garbage-first heap   total 58368K, used 21015K [0x00000000c1400000, 0x0000000100000000)
  region size 1024K, 2 young (2048K), 2 survivors (2048K)
 Metaspace       used 44767K, committed 45312K, reserved 1114112K
  class space    used 5634K, committed 5888K, reserved 1048576K
}

