# JRE version: OpenJDK Runtime Environment Corretto-18.0.2.9.1 (18.0.2+9) (build 18.0.2+9-FR)
# Java VM: OpenJDK 64-Bit Server VM Corretto-18.0.2.9.1 (18.0.2+9-FR, mixed mode, sharing, tiered, compressed oops, compressed class ptrs, g1 gc, windows-amd64)
GC Precious Log:
 CardTable entry size: 512
 Card Set container configuration: InlinePtr #cards 5 size 8 Array Of Cards #cards 12 size 40 Howl #buckets 4 coarsen threshold 1843 Howl Bitmap #cards 512 size 80 coarsen threshold 460 Card regions per heap region 1 cards per card region 2048
 CPUs: 4 total, 4 available
 Memory: 4012M
 Large Page Support: Disabled
 NUMA Support: Disabled
 Compressed Oops: Enabled (32-bit)
 Heap Region Size: 1M
 Heap Min Capacity: 8M
 Heap Initial Capacity: 64M
 Heap Max Capacity: 1004M
 Pre-touch: Disabled
 Parallel Workers: 4
 Concurrent Workers: 1
 Concurrent Refinement Workers: 4
 Periodic GC: Disabled
Heap:
 garbage-first heap   total 55296K, used 23018K [0x00000000c1400000, 0x0000000100000000)
  region size 1024K, 11 young (11264K), 4 survivors (4096K)
 Metaspace       used 28386K, committed 28864K, reserved 1114112K
  class space    used 3491K, committed 3712K, reserved 1048576K
GC Heap History (12 events):
Event: 2.656 GC heap before
{Heap before GC invocations=0 (full 0):
 garbage-first heap   total 65536K, used 13312K [0x00000000c1400000, 0x0000000100000000)
  region size 1024K, 13 young (13312K), 0 survivors (0K)
 Metaspace       used 3437K, committed 3584K, reserved 1114112K
  class space    used 326K, committed 384K, reserved 1048576K
}
Event: 2.677 GC heap after
{Heap after GC invocations=1 (full 0):
 garbage-first heap   total 65536K, used 6660K [0x00000000c1400000, 0x0000000100000000)
  region size 1024K, 2 young (2048K), 2 survivors (2048K)
 Metaspace       used 3437K, committed 3584K, reserved 1114112K
  class space    used 326K, committed 384K, reserved 1048576K
}
Event: 3.424 GC heap before
{Heap before GC invocations=1 (full 0):
 garbage-first heap   total 65536K, used 15876K [0x00000000c1400000, 0x0000000100000000)
  region size 1024K, 12 young (12288K), 2 survivors (2048K)
 Metaspace       used 5771K, committed 5952K, reserved 1114112K
  class space    used 634K, committed 704K, reserved 1048576K
}
Event: 3.429 GC heap after
{Heap after GC invocations=2 (full 0):
 garbage-first heap   total 65536K, used 7613K [0x00000000c1400000, 0x0000000100000000)
  region size 1024K, 1 young (1024K), 1 survivors (1024K)
 Metaspace       used 5771K, committed 5952K, reserved 1114112K
  class space    used 634K, committed 704K, reserved 1048576K
}
Event: 4.699 GC heap before
{Heap before GC invocations=2 (full 0):
 garbage-first heap   total 65536K, used 27069K [0x00000000c1400000, 0x0000000100000000)
  region size 1024K, 21 young (21504K), 1 survivors (1024K)
 Metaspace       used 11166K, committed 11520K, reserved 1114112K
  class space    used 1305K, committed 1472K, reserved 1048576K
}
Event: 4.704 GC heap after
{Heap after GC invocations=3 (full 0):
 garbage-first heap   total 65536K, used 8979K [0x00000000c1400000, 0x0000000100000000)
  region size 1024K, 2 young (2048K), 2 survivors (2048K)
 Metaspace       used 11166K, committed 11520K, reserved 1114112K
  class space    used 1305K, committed 1472K, reserved 1048576K
}
Event: 7.003 GC heap before
{Heap before GC invocations=3 (full 0):
 garbage-first heap   total 65536K, used 39699K [0x00000000c1400000, 0x0000000100000000)
  region size 1024K, 33 young (33792K), 2 survivors (2048K)
 Metaspace       used 17970K, committed 18240K, reserved 1114112K
  class space    used 2154K, committed 2304K, reserved 1048576K
}
Event: 7.015 GC heap after
{Heap after GC invocations=4 (full 0):
 garbage-first heap   total 65536K, used 12266K [0x00000000c1400000, 0x0000000100000000)
  region size 1024K, 5 young (5120K), 5 survivors (5120K)
 Metaspace       used 17970K, committed 18240K, reserved 1114112K
  class space    used 2154K, committed 2304K, reserved 1048576K
}
Event: 8.555 GC heap before
{Heap before GC invocations=4 (full 0):
 garbage-first heap   total 65536K, used 37866K [0x00000000c1400000, 0x0000000100000000)
  region size 1024K, 31 young (31744K), 5 survivors (5120K)
 Metaspace       used 21221K, committed 21504K, reserved 1114112K
  class space    used 2552K, committed 2688K, reserved 1048576K
}
Event: 8.567 GC heap after
{Heap after GC invocations=5 (full 0):
 garbage-first heap   total 65536K, used 14006K [0x00000000c1400000, 0x0000000100000000)
  region size 1024K, 3 young (3072K), 3 survivors (3072K)
 Metaspace       used 21221K, committed 21504K, reserved 1114112K
  class space    used 2552K, committed 2688K, reserved 1048576K
}
Event: 11.089 GC heap before
{Heap before GC invocations=6 (full 0):
 garbage-first heap   total 55296K, used 43702K [0x00000000c1400000, 0x0000000100000000)
  region size 1024K, 32 young (32768K), 3 survivors (3072K)
 Metaspace       used 26600K, committed 27008K, reserved 1114112K
  class space    used 3319K, committed 3520K, reserved 1048576K
}
Event: 11.101 GC heap after
{Heap after GC invocations=7 (full 0):
 garbage-first heap   total 55296K, used 16874K [0x00000000c1400000, 0x0000000100000000)
  region size 1024K, 4 young (4096K), 4 survivors (4096K)
 Metaspace       used 26600K, committed 27008K, reserved 1114112K
  class space    used 3319K, committed 3520K, reserved 1048576K
}

