# JRE version: OpenJDK Runtime Environment Corretto-18.0.2.9.1 (18.0.2+9) (build 18.0.2+9-FR)
# Java VM: OpenJDK 64-Bit Server VM Corretto-18.0.2.9.1 (18.0.2+9-FR, mixed mode, sharing, tiered, compressed oops, compressed class ptrs, g1 gc, windows-amd64)
GC Precious Log:
 CardTable entry size: 512
 Card Set container configuration: InlinePtr #cards 5 size 8 Array Of Cards #cards 12 size 40 Howl #buckets 4 coarsen threshold 1843 Howl Bitmap #cards 512 size 80 coarsen threshold 460 Card regions per heap region 1 cards per card region 2048
 CPUs: 4 total, 4 available
 Memory: 4012M
 Large Page Support: Disabled
 NUMA Support: Disabled
 Compressed Oops: Enabled (32-bit)
 Heap Region Size: 1M
 Heap Min Capacity: 8M
 Heap Initial Capacity: 64M
 Heap Max Capacity: 1004M
 Pre-touch: Disabled
 Parallel Workers: 4
 Concurrent Workers: 1
 Concurrent Refinement Workers: 4
 Periodic GC: Disabled
Heap:
 garbage-first heap   total 51200K, used 28874K [0x00000000c1400000, 0x0000000100000000)
  region size 1024K, 8 young (8192K), 3 survivors (3072K)
 Metaspace       used 59281K, committed 59904K, reserved 1114112K
  class space    used 7808K, committed 8064K, reserved 1048576K
GC Heap History (20 events):
Event: 6.913 GC heap before
{Heap before GC invocations=4 (full 0):
 garbage-first heap   total 65536K, used 36421K [0x00000000c1400000, 0x0000000100000000)
  region size 1024K, 30 young (30720K), 4 survivors (4096K)
 Metaspace       used 21244K, committed 21504K, reserved 1114112K
  class space    used 2555K, committed 2688K, reserved 1048576K
}
Event: 6.924 GC heap after
{Heap after GC invocations=5 (full 0):
 garbage-first heap   total 65536K, used 13537K [0x00000000c1400000, 0x0000000100000000)
  region size 1024K, 4 young (4096K), 4 survivors (4096K)
 Metaspace       used 21244K, committed 21504K, reserved 1114112K
  class space    used 2555K, committed 2688K, reserved 1048576K
}
Event: 8.759 GC heap before
{Heap before GC invocations=6 (full 0):
 garbage-first heap   total 51200K, used 40161K [0x00000000c1400000, 0x0000000100000000)
  region size 1024K, 30 young (30720K), 4 survivors (4096K)
 Metaspace       used 25850K, committed 26304K, reserved 1114112K
  class space    used 3250K, committed 3456K, reserved 1048576K
}
Event: 8.774 GC heap after
{Heap after GC invocations=7 (full 0):
 garbage-first heap   total 51200K, used 15937K [0x00000000c1400000, 0x0000000100000000)
  region size 1024K, 4 young (4096K), 4 survivors (4096K)
 Metaspace       used 25850K, committed 26304K, reserved 1114112K
  class space    used 3250K, committed 3456K, reserved 1048576K
}
Event: 9.954 GC heap before
{Heap before GC invocations=7 (full 0):
 garbage-first heap   total 51200K, used 35393K [0x00000000c1400000, 0x0000000100000000)
  region size 1024K, 24 young (24576K), 4 survivors (4096K)
 Metaspace       used 29819K, committed 30336K, reserved 1114112K
  class space    used 3671K, committed 3904K, reserved 1048576K
}
Event: 9.971 GC heap after
{Heap after GC invocations=8 (full 0):
 garbage-first heap   total 51200K, used 18314K [0x00000000c1400000, 0x0000000100000000)
  region size 1024K, 3 young (3072K), 3 survivors (3072K)
 Metaspace       used 29819K, committed 30336K, reserved 1114112K
  class space    used 3671K, committed 3904K, reserved 1048576K
}
Event: 11.397 GC heap before
{Heap before GC invocations=8 (full 0):
 garbage-first heap   total 51200K, used 36746K [0x00000000c1400000, 0x0000000100000000)
  region size 1024K, 21 young (21504K), 3 survivors (3072K)
 Metaspace       used 34102K, committed 34624K, reserved 1114112K
  class space    used 4286K, committed 4544K, reserved 1048576K
}
Event: 11.403 GC heap after
{Heap after GC invocations=9 (full 0):
 garbage-first heap   total 51200K, used 19471K [0x00000000c1400000, 0x0000000100000000)
  region size 1024K, 2 young (2048K), 2 survivors (2048K)
 Metaspace       used 34102K, committed 34624K, reserved 1114112K
  class space    used 4286K, committed 4544K, reserved 1048576K
}
Event: 11.759 GC heap before
{Heap before GC invocations=9 (full 0):
 garbage-first heap   total 51200K, used 24591K [0x00000000c1400000, 0x0000000100000000)
  region size 1024K, 8 young (8192K), 2 survivors (2048K)
 Metaspace       used 35424K, committed 35968K, reserved 1114112K
  class space    used 4512K, committed 4800K, reserved 1048576K
}
Event: 11.762 GC heap after
{Heap after GC invocations=10 (full 0):
 garbage-first heap   total 51200K, used 19637K [0x00000000c1400000, 0x0000000100000000)
  region size 1024K, 2 young (2048K), 2 survivors (2048K)
 Metaspace       used 35424K, committed 35968K, reserved 1114112K
  class space    used 4512K, committed 4800K, reserved 1048576K
}
Event: 18.051 GC heap before
{Heap before GC invocations=11 (full 0):
 garbage-first heap   total 51200K, used 37045K [0x00000000c1400000, 0x0000000100000000)
  region size 1024K, 20 young (20480K), 2 survivors (2048K)
 Metaspace       used 42334K, committed 42944K, reserved 1114112K
  class space    used 5304K, committed 5568K, reserved 1048576K
}
Event: 18.058 GC heap after
{Heap after GC invocations=12 (full 0):
 garbage-first heap   total 51200K, used 20996K [0x00000000c1400000, 0x0000000100000000)
  region size 1024K, 3 young (3072K), 3 survivors (3072K)
 Metaspace       used 42334K, committed 42944K, reserved 1114112K
  class space    used 5304K, committed 5568K, reserved 1048576K
}
Event: 19.249 GC heap before
{Heap before GC invocations=12 (full 0):
 garbage-first heap   total 51200K, used 38404K [0x00000000c1400000, 0x0000000100000000)
  region size 1024K, 21 young (21504K), 3 survivors (3072K)
 Metaspace       used 45764K, committed 46272K, reserved 1114112K
  class space    used 5764K, committed 6016K, reserved 1048576K
}
Event: 19.259 GC heap after
{Heap after GC invocations=13 (full 0):
 garbage-first heap   total 51200K, used 21983K [0x00000000c1400000, 0x0000000100000000)
  region size 1024K, 3 young (3072K), 3 survivors (3072K)
 Metaspace       used 45764K, committed 46272K, reserved 1114112K
  class space    used 5764K, committed 6016K, reserved 1048576K
}
Event: 20.387 GC heap before
{Heap before GC invocations=13 (full 0):
 garbage-first heap   total 51200K, used 38367K [0x00000000c1400000, 0x0000000100000000)
  region size 1024K, 20 young (20480K), 3 survivors (3072K)
 Metaspace       used 50878K, committed 51456K, reserved 1114112K
  class space    used 6493K, committed 6784K, reserved 1048576K
}
Event: 20.394 GC heap after
{Heap after GC invocations=14 (full 0):
 garbage-first heap   total 51200K, used 22681K [0x00000000c1400000, 0x0000000100000000)
  region size 1024K, 2 young (2048K), 2 survivors (2048K)
 Metaspace       used 50878K, committed 51456K, reserved 1114112K
  class space    used 6493K, committed 6784K, reserved 1048576K
}
Event: 21.442 GC heap before
{Heap before GC invocations=14 (full 0):
 garbage-first heap   total 51200K, used 40089K [0x00000000c1400000, 0x0000000100000000)
  region size 1024K, 20 young (20480K), 2 survivors (2048K)
 Metaspace       used 55222K, committed 55808K, reserved 1114112K
  class space    used 7231K, committed 7488K, reserved 1048576K
}
Event: 21.447 GC heap after
{Heap after GC invocations=15 (full 0):
 garbage-first heap   total 51200K, used 23541K [0x00000000c1400000, 0x0000000100000000)
  region size 1024K, 2 young (2048K), 2 survivors (2048K)
 Metaspace       used 55222K, committed 55808K, reserved 1114112K
  class space    used 7231K, committed 7488K, reserved 1048576K
}
Event: 22.353 GC heap before
{Heap before GC invocations=15 (full 0):
 garbage-first heap   total 51200K, used 38901K [0x00000000c1400000, 0x0000000100000000)
  region size 1024K, 18 young (18432K), 2 survivors (2048K)
 Metaspace       used 58709K, committed 59328K, reserved 1114112K
  class space    used 7664K, committed 7936K, reserved 1048576K
}
Event: 22.362 GC heap after
{Heap after GC invocations=16 (full 0):
 garbage-first heap   total 51200K, used 24778K [0x00000000c1400000, 0x0000000100000000)
  region size 1024K, 3 young (3072K), 3 survivors (3072K)
 Metaspace       used 58709K, committed 59328K, reserved 1114112K
  class space    used 7664K, committed 7936K, reserved 1048576K
}

