# JRE version: OpenJDK Runtime Environment Corretto-18.0.2.9.1 (18.0.2+9) (build 18.0.2+9-FR)
# Java VM: OpenJDK 64-Bit Server VM Corretto-18.0.2.9.1 (18.0.2+9-FR, mixed mode, sharing, tiered, compressed oops, compressed class ptrs, g1 gc, windows-amd64)
GC Precious Log:
 CardTable entry size: 512
 Card Set container configuration: InlinePtr #cards 5 size 8 Array Of Cards #cards 12 size 40 Howl #buckets 4 coarsen threshold 1843 Howl Bitmap #cards 512 size 80 coarsen threshold 460 Card regions per heap region 1 cards per card region 2048
 CPUs: 4 total, 4 available
 Memory: 4012M
 Large Page Support: Disabled
 NUMA Support: Disabled
 Compressed Oops: Enabled (32-bit)
 Heap Region Size: 1M
 Heap Min Capacity: 8M
 Heap Initial Capacity: 64M
 Heap Max Capacity: 1004M
 Pre-touch: Disabled
 Parallel Workers: 4
 Concurrent Workers: 1
 Concurrent Refinement Workers: 4
 Periodic GC: Disabled
Heap:
 garbage-first heap   total 51200K, used 31753K [0x00000000c1400000, 0x0000000100000000)
  region size 1024K, 11 young (11264K), 3 survivors (3072K)
 Metaspace       used 59608K, committed 60288K, reserved 1114112K
  class space    used 7817K, committed 8128K, reserved 1048576K
GC Heap History (20 events):
Event: 9.052 GC heap before
{Heap before GC invocations=7 (full 0):
 garbage-first heap   total 51200K, used 17086K [0x00000000c1400000, 0x0000000100000000)
  region size 1024K, 5 young (5120K), 4 survivors (4096K)
 Metaspace       used 26343K, committed 26816K, reserved 1114112K
  class space    used 3301K, committed 3520K, reserved 1048576K
}
Event: 9.061 GC heap after
{Heap after GC invocations=8 (full 0):
 garbage-first heap   total 51200K, used 16814K [0x00000000c1400000, 0x0000000100000000)
  region size 1024K, 1 young (1024K), 1 survivors (1024K)
 Metaspace       used 26343K, committed 26816K, reserved 1114112K
  class space    used 3301K, committed 3520K, reserved 1048576K
}
Event: 9.895 GC heap before
{Heap before GC invocations=8 (full 0):
 garbage-first heap   total 51200K, used 35246K [0x00000000c1400000, 0x0000000100000000)
  region size 1024K, 20 young (20480K), 1 survivors (1024K)
 Metaspace       used 29876K, committed 30336K, reserved 1114112K
  class space    used 3681K, committed 3904K, reserved 1048576K
}
Event: 9.902 GC heap after
{Heap after GC invocations=9 (full 0):
 garbage-first heap   total 51200K, used 18111K [0x00000000c1400000, 0x0000000100000000)
  region size 1024K, 2 young (2048K), 2 survivors (2048K)
 Metaspace       used 29876K, committed 30336K, reserved 1114112K
  class space    used 3681K, committed 3904K, reserved 1048576K
}
Event: 10.945 GC heap before
{Heap before GC invocations=9 (full 0):
 garbage-first heap   total 51200K, used 37567K [0x00000000c1400000, 0x0000000100000000)
  region size 1024K, 21 young (21504K), 2 survivors (2048K)
 Metaspace       used 34541K, committed 35072K, reserved 1114112K
  class space    used 4347K, committed 4608K, reserved 1048576K
}
Event: 10.953 GC heap after
{Heap after GC invocations=10 (full 0):
 garbage-first heap   total 51200K, used 19136K [0x00000000c1400000, 0x0000000100000000)
  region size 1024K, 2 young (2048K), 2 survivors (2048K)
 Metaspace       used 34541K, committed 35072K, reserved 1114112K
  class space    used 4347K, committed 4608K, reserved 1048576K
}
Event: 11.162 GC heap before
{Heap before GC invocations=10 (full 0):
 garbage-first heap   total 51200K, used 22208K [0x00000000c1400000, 0x0000000100000000)
  region size 1024K, 6 young (6144K), 2 survivors (2048K)
 Metaspace       used 35396K, committed 35968K, reserved 1114112K
  class space    used 4508K, committed 4800K, reserved 1048576K
}
Event: 11.166 GC heap after
{Heap after GC invocations=11 (full 0):
 garbage-first heap   total 51200K, used 19282K [0x00000000c1400000, 0x0000000100000000)
  region size 1024K, 2 young (2048K), 2 survivors (2048K)
 Metaspace       used 35396K, committed 35968K, reserved 1114112K
  class space    used 4508K, committed 4800K, reserved 1048576K
}
Event: 12.862 GC heap before
{Heap before GC invocations=12 (full 0):
 garbage-first heap   total 51200K, used 37714K [0x00000000c1400000, 0x0000000100000000)
  region size 1024K, 21 young (21504K), 2 survivors (2048K)
 Metaspace       used 42763K, committed 43264K, reserved 1114112K
  class space    used 5384K, committed 5632K, reserved 1048576K
}
Event: 12.868 GC heap after
{Heap after GC invocations=13 (full 0):
 garbage-first heap   total 51200K, used 20604K [0x00000000c1400000, 0x0000000100000000)
  region size 1024K, 3 young (3072K), 3 survivors (3072K)
 Metaspace       used 42763K, committed 43264K, reserved 1114112K
  class space    used 5384K, committed 5632K, reserved 1048576K
}
Event: 12.913 GC heap before
{Heap before GC invocations=13 (full 0):
 garbage-first heap   total 51200K, used 21628K [0x00000000c1400000, 0x0000000100000000)
  region size 1024K, 4 young (4096K), 3 survivors (3072K)
 Metaspace       used 43132K, committed 43648K, reserved 1114112K
  class space    used 5420K, committed 5696K, reserved 1048576K
}
Event: 12.920 GC heap after
{Heap after GC invocations=14 (full 0):
 garbage-first heap   total 51200K, used 20521K [0x00000000c1400000, 0x0000000100000000)
  region size 1024K, 1 young (1024K), 1 survivors (1024K)
 Metaspace       used 43132K, committed 43648K, reserved 1114112K
  class space    used 5420K, committed 5696K, reserved 1048576K
}
Event: 13.716 GC heap before
{Heap before GC invocations=14 (full 0):
 garbage-first heap   total 51200K, used 38953K [0x00000000c1400000, 0x0000000100000000)
  region size 1024K, 20 young (20480K), 1 survivors (1024K)
 Metaspace       used 45832K, committed 46400K, reserved 1114112K
  class space    used 5778K, committed 6016K, reserved 1048576K
}
Event: 13.720 GC heap after
{Heap after GC invocations=15 (full 0):
 garbage-first heap   total 51200K, used 21314K [0x00000000c1400000, 0x0000000100000000)
  region size 1024K, 2 young (2048K), 2 survivors (2048K)
 Metaspace       used 45832K, committed 46400K, reserved 1114112K
  class space    used 5778K, committed 6016K, reserved 1048576K
}
Event: 14.683 GC heap before
{Heap before GC invocations=15 (full 0):
 garbage-first heap   total 51200K, used 38722K [0x00000000c1400000, 0x0000000100000000)
  region size 1024K, 20 young (20480K), 2 survivors (2048K)
 Metaspace       used 51425K, committed 51968K, reserved 1114112K
  class space    used 6606K, committed 6848K, reserved 1048576K
}
Event: 14.689 GC heap after
{Heap after GC invocations=16 (full 0):
 garbage-first heap   total 51200K, used 22165K [0x00000000c1400000, 0x0000000100000000)
  region size 1024K, 2 young (2048K), 2 survivors (2048K)
 Metaspace       used 51425K, committed 51968K, reserved 1114112K
  class space    used 6606K, committed 6848K, reserved 1048576K
}
Event: 15.752 GC heap before
{Heap before GC invocations=16 (full 0):
 garbage-first heap   total 51200K, used 40597K [0x00000000c1400000, 0x0000000100000000)
  region size 1024K, 20 young (20480K), 2 survivors (2048K)
 Metaspace       used 55266K, committed 55872K, reserved 1114112K
  class space    used 7226K, committed 7488K, reserved 1048576K
}
Event: 15.757 GC heap after
{Heap after GC invocations=17 (full 0):
 garbage-first heap   total 51200K, used 22944K [0x00000000c1400000, 0x0000000100000000)
  region size 1024K, 2 young (2048K), 2 survivors (2048K)
 Metaspace       used 55266K, committed 55872K, reserved 1114112K
  class space    used 7226K, committed 7488K, reserved 1048576K
}
Event: 16.571 GC heap before
{Heap before GC invocations=17 (full 0):
 garbage-first heap   total 51200K, used 40352K [0x00000000c1400000, 0x0000000100000000)
  region size 1024K, 20 young (20480K), 2 survivors (2048K)
 Metaspace       used 58954K, committed 59520K, reserved 1114112K
  class space    used 7722K, committed 8000K, reserved 1048576K
}
Event: 16.578 GC heap after
{Heap after GC invocations=18 (full 0):
 garbage-first heap   total 51200K, used 24585K [0x00000000c1400000, 0x0000000100000000)
  region size 1024K, 3 young (3072K), 3 survivors (3072K)
 Metaspace       used 58954K, committed 59520K, reserved 1114112K
  class space    used 7722K, committed 8000K, reserved 1048576K
}

