# JRE version: OpenJDK Runtime Environment Corretto-18.0.2.9.1 (18.0.2+9) (build 18.0.2+9-FR)
# Java VM: OpenJDK 64-Bit Server VM Corretto-18.0.2.9.1 (18.0.2+9-FR, mixed mode, sharing, tiered, compressed oops, compressed class ptrs, g1 gc, windows-amd64)
GC Precious Log:
 CardTable entry size: 512
 Card Set container configuration: InlinePtr #cards 5 size 8 Array Of Cards #cards 12 size 40 Howl #buckets 4 coarsen threshold 1843 Howl Bitmap #cards 512 size 80 coarsen threshold 460 Card regions per heap region 1 cards per card region 2048
 CPUs: 4 total, 4 available
 Memory: 4012M
 Large Page Support: Disabled
 NUMA Support: Disabled
 Compressed Oops: Enabled (32-bit)
 Heap Region Size: 1M
 Heap Min Capacity: 8M
 Heap Initial Capacity: 64M
 Heap Max Capacity: 1004M
 Pre-touch: Disabled
 Parallel Workers: 4
 Concurrent Workers: 1
 Concurrent Refinement Workers: 4
 Periodic GC: Disabled
Heap:
 garbage-first heap   total 51200K, used 35690K [0x00000000c1400000, 0x0000000100000000)
  region size 1024K, 16 young (16384K), 3 survivors (3072K)
 Metaspace       used 58941K, committed 59584K, reserved 1114112K
  class space    used 7734K, committed 8000K, reserved 1048576K
GC Heap History (20 events):
Event: 5.863 GC heap before
{Heap before GC invocations=4 (full 0):
 garbage-first heap   total 65536K, used 35297K [0x00000000c1400000, 0x0000000100000000)
  region size 1024K, 28 young (28672K), 4 survivors (4096K)
 Metaspace       used 21223K, committed 21504K, reserved 1114112K
  class space    used 2556K, committed 2688K, reserved 1048576K
}
Event: 5.874 GC heap after
{Heap after GC invocations=5 (full 0):
 garbage-first heap   total 65536K, used 13473K [0x00000000c1400000, 0x0000000100000000)
  region size 1024K, 3 young (3072K), 3 survivors (3072K)
 Metaspace       used 21223K, committed 21504K, reserved 1114112K
  class space    used 2556K, committed 2688K, reserved 1048576K
}
Event: 7.530 GC heap before
{Heap before GC invocations=6 (full 0):
 garbage-first heap   total 51200K, used 41121K [0x00000000c1400000, 0x0000000100000000)
  region size 1024K, 30 young (30720K), 3 survivors (3072K)
 Metaspace       used 26121K, committed 26560K, reserved 1114112K
  class space    used 3281K, committed 3520K, reserved 1048576K
}
Event: 7.541 GC heap after
{Heap after GC invocations=7 (full 0):
 garbage-first heap   total 51200K, used 16052K [0x00000000c1400000, 0x0000000100000000)
  region size 1024K, 4 young (4096K), 4 survivors (4096K)
 Metaspace       used 26121K, committed 26560K, reserved 1114112K
  class space    used 3281K, committed 3520K, reserved 1048576K
}
Event: 8.454 GC heap before
{Heap before GC invocations=7 (full 0):
 garbage-first heap   total 51200K, used 35508K [0x00000000c1400000, 0x0000000100000000)
  region size 1024K, 24 young (24576K), 4 survivors (4096K)
 Metaspace       used 29834K, committed 30336K, reserved 1114112K
  class space    used 3677K, committed 3904K, reserved 1048576K
}
Event: 8.467 GC heap after
{Heap after GC invocations=8 (full 0):
 garbage-first heap   total 51200K, used 18275K [0x00000000c1400000, 0x0000000100000000)
  region size 1024K, 3 young (3072K), 3 survivors (3072K)
 Metaspace       used 29834K, committed 30336K, reserved 1114112K
  class space    used 3677K, committed 3904K, reserved 1048576K
}
Event: 9.421 GC heap before
{Heap before GC invocations=8 (full 0):
 garbage-first heap   total 51200K, used 35683K [0x00000000c1400000, 0x0000000100000000)
  region size 1024K, 21 young (21504K), 3 survivors (3072K)
 Metaspace       used 34324K, committed 34880K, reserved 1114112K
  class space    used 4327K, committed 4608K, reserved 1048576K
}
Event: 9.428 GC heap after
{Heap after GC invocations=9 (full 0):
 garbage-first heap   total 51200K, used 19352K [0x00000000c1400000, 0x0000000100000000)
  region size 1024K, 2 young (2048K), 2 survivors (2048K)
 Metaspace       used 34324K, committed 34880K, reserved 1114112K
  class space    used 4327K, committed 4608K, reserved 1048576K
}
Event: 9.722 GC heap before
{Heap before GC invocations=9 (full 0):
 garbage-first heap   total 51200K, used 23448K [0x00000000c1400000, 0x0000000100000000)
  region size 1024K, 7 young (7168K), 2 survivors (2048K)
 Metaspace       used 35399K, committed 35968K, reserved 1114112K
  class space    used 4512K, committed 4800K, reserved 1048576K
}
Event: 9.725 GC heap after
{Heap after GC invocations=10 (full 0):
 garbage-first heap   total 51200K, used 19494K [0x00000000c1400000, 0x0000000100000000)
  region size 1024K, 2 young (2048K), 2 survivors (2048K)
 Metaspace       used 35399K, committed 35968K, reserved 1114112K
  class space    used 4512K, committed 4800K, reserved 1048576K
}
Event: 30.974 GC heap before
{Heap before GC invocations=11 (full 0):
 garbage-first heap   total 51200K, used 38950K [0x00000000c1400000, 0x0000000100000000)
  region size 1024K, 21 young (21504K), 2 survivors (2048K)
 Metaspace       used 42337K, committed 42880K, reserved 1114112K
  class space    used 5308K, committed 5568K, reserved 1048576K
}
Event: 30.979 GC heap after
{Heap after GC invocations=12 (full 0):
 garbage-first heap   total 51200K, used 20676K [0x00000000c1400000, 0x0000000100000000)
  region size 1024K, 3 young (3072K), 3 survivors (3072K)
 Metaspace       used 42337K, committed 42880K, reserved 1114112K
  class space    used 5308K, committed 5568K, reserved 1048576K
}
Event: 31.017 GC heap before
{Heap before GC invocations=12 (full 0):
 garbage-first heap   total 51200K, used 21700K [0x00000000c1400000, 0x0000000100000000)
  region size 1024K, 4 young (4096K), 3 survivors (3072K)
 Metaspace       used 42493K, committed 43072K, reserved 1114112K
  class space    used 5327K, committed 5632K, reserved 1048576K
}
Event: 31.025 GC heap after
{Heap after GC invocations=13 (full 0):
 garbage-first heap   total 51200K, used 20640K [0x00000000c1400000, 0x0000000100000000)
  region size 1024K, 1 young (1024K), 1 survivors (1024K)
 Metaspace       used 42493K, committed 43072K, reserved 1114112K
  class space    used 5327K, committed 5632K, reserved 1048576K
}
Event: 31.773 GC heap before
{Heap before GC invocations=13 (full 0):
 garbage-first heap   total 51200K, used 39072K [0x00000000c1400000, 0x0000000100000000)
  region size 1024K, 20 young (20480K), 1 survivors (1024K)
 Metaspace       used 47203K, committed 47744K, reserved 1114112K
  class space    used 5931K, committed 6208K, reserved 1048576K
}
Event: 31.777 GC heap after
{Heap after GC invocations=14 (full 0):
 garbage-first heap   total 51200K, used 21259K [0x00000000c1400000, 0x0000000100000000)
  region size 1024K, 1 young (1024K), 1 survivors (1024K)
 Metaspace       used 47203K, committed 47744K, reserved 1114112K
  class space    used 5931K, committed 6208K, reserved 1048576K
}
Event: 32.614 GC heap before
{Heap before GC invocations=14 (full 0):
 garbage-first heap   total 51200K, used 40715K [0x00000000c1400000, 0x0000000100000000)
  region size 1024K, 20 young (20480K), 1 survivors (1024K)
 Metaspace       used 52856K, committed 53440K, reserved 1114112K
  class space    used 6902K, committed 7168K, reserved 1048576K
}
Event: 32.619 GC heap after
{Heap after GC invocations=15 (full 0):
 garbage-first heap   total 51200K, used 22040K [0x00000000c1400000, 0x0000000100000000)
  region size 1024K, 2 young (2048K), 2 survivors (2048K)
 Metaspace       used 52856K, committed 53440K, reserved 1114112K
  class space    used 6902K, committed 7168K, reserved 1048576K
}
Event: 33.289 GC heap before
{Heap before GC invocations=15 (full 0):
 garbage-first heap   total 51200K, used 40472K [0x00000000c1400000, 0x0000000100000000)
  region size 1024K, 21 young (21504K), 2 survivors (2048K)
 Metaspace       used 57038K, committed 57664K, reserved 1114112K
  class space    used 7480K, committed 7744K, reserved 1048576K
}
Event: 33.296 GC heap after
{Heap after GC invocations=16 (full 0):
 garbage-first heap   total 51200K, used 23402K [0x00000000c1400000, 0x0000000100000000)
  region size 1024K, 3 young (3072K), 3 survivors (3072K)
 Metaspace       used 57038K, committed 57664K, reserved 1114112K
  class space    used 7480K, committed 7744K, reserved 1048576K
}

