# JRE version: OpenJDK Runtime Environment Corretto-18.0.2.9.1 (18.0.2+9) (build 18.0.2+9-FR)
# Java VM: OpenJDK 64-Bit Server VM Corretto-18.0.2.9.1 (18.0.2+9-FR, mixed mode, sharing, tiered, compressed oops, compressed class ptrs, g1 gc, windows-amd64)
GC Precious Log:
 CardTable entry size: 512
 Card Set container configuration: InlinePtr #cards 5 size 8 Array Of Cards #cards 12 size 40 Howl #buckets 4 coarsen threshold 1843 Howl Bitmap #cards 512 size 80 coarsen threshold 460 Card regions per heap region 1 cards per card region 2048
 CPUs: 4 total, 4 available
 Memory: 4012M
 Large Page Support: Disabled
 NUMA Support: Disabled
 Compressed Oops: Enabled (32-bit)
 Heap Region Size: 1M
 Heap Min Capacity: 8M
 Heap Initial Capacity: 64M
 Heap Max Capacity: 1004M
 Pre-touch: Disabled
 Parallel Workers: 4
 Concurrent Workers: 1
 Concurrent Refinement Workers: 4
 Periodic GC: Disabled
Heap:
 garbage-first heap   total 66560K, used 44598K [0x00000000c1400000, 0x0000000100000000)
  region size 1024K, 19 young (19456K), 3 survivors (3072K)
 Metaspace       used 69603K, committed 70208K, reserved 1114112K
  class space    used 9291K, committed 9600K, reserved 1048576K
GC Heap History (20 events):
Event: 15.351 GC heap before
{Heap before GC invocations=14 (full 0):
 garbage-first heap   total 51200K, used 39828K [0x00000000c1400000, 0x0000000100000000)
  region size 1024K, 22 young (22528K), 3 survivors (3072K)
 Metaspace       used 48722K, committed 49280K, reserved 1114112K
  class space    used 6061K, committed 6336K, reserved 1048576K
}
Event: 15.359 GC heap after
{Heap after GC invocations=15 (full 0):
 garbage-first heap   total 51200K, used 22409K [0x00000000c1400000, 0x0000000100000000)
  region size 1024K, 3 young (3072K), 3 survivors (3072K)
 Metaspace       used 48722K, committed 49280K, reserved 1114112K
  class space    used 6061K, committed 6336K, reserved 1048576K
}
Event: 16.312 GC heap before
{Heap before GC invocations=15 (full 0):
 garbage-first heap   total 51200K, used 38793K [0x00000000c1400000, 0x0000000100000000)
  region size 1024K, 20 young (20480K), 3 survivors (3072K)
 Metaspace       used 53356K, committed 53888K, reserved 1114112K
  class space    used 6847K, committed 7104K, reserved 1048576K
}
Event: 16.317 GC heap after
{Heap after GC invocations=16 (full 0):
 garbage-first heap   total 51200K, used 22998K [0x00000000c1400000, 0x0000000100000000)
  region size 1024K, 2 young (2048K), 2 survivors (2048K)
 Metaspace       used 53356K, committed 53888K, reserved 1114112K
  class space    used 6847K, committed 7104K, reserved 1048576K
}
Event: 17.219 GC heap before
{Heap before GC invocations=16 (full 0):
 garbage-first heap   total 51200K, used 41430K [0x00000000c1400000, 0x0000000100000000)
  region size 1024K, 20 young (20480K), 2 survivors (2048K)
 Metaspace       used 57043K, committed 57664K, reserved 1114112K
  class space    used 7412K, committed 7680K, reserved 1048576K
}
Event: 17.224 GC heap after
{Heap after GC invocations=17 (full 0):
 garbage-first heap   total 51200K, used 23490K [0x00000000c1400000, 0x0000000100000000)
  region size 1024K, 3 young (3072K), 3 survivors (3072K)
 Metaspace       used 57043K, committed 57664K, reserved 1114112K
  class space    used 7412K, committed 7680K, reserved 1048576K
}
Event: 18.002 GC heap before
{Heap before GC invocations=17 (full 0):
 garbage-first heap   total 51200K, used 40898K [0x00000000c1400000, 0x0000000100000000)
  region size 1024K, 20 young (20480K), 3 survivors (3072K)
 Metaspace       used 59743K, committed 60352K, reserved 1114112K
  class space    used 7733K, committed 8000K, reserved 1048576K
}
Event: 18.009 GC heap after
{Heap after GC invocations=18 (full 0):
 garbage-first heap   total 51200K, used 24950K [0x00000000c1400000, 0x0000000100000000)
  region size 1024K, 3 young (3072K), 3 survivors (3072K)
 Metaspace       used 59743K, committed 60352K, reserved 1114112K
  class space    used 7733K, committed 8000K, reserved 1048576K
}
Event: 18.143 GC heap before
{Heap before GC invocations=18 (full 0):
 garbage-first heap   total 51200K, used 30070K [0x00000000c1400000, 0x0000000100000000)
  region size 1024K, 9 young (9216K), 3 survivors (3072K)
 Metaspace       used 60166K, committed 60736K, reserved 1114112K
  class space    used 7790K, committed 8064K, reserved 1048576K
}
Event: 18.149 GC heap after
{Heap after GC invocations=19 (full 0):
 garbage-first heap   total 51200K, used 25090K [0x00000000c1400000, 0x0000000100000000)
  region size 1024K, 2 young (2048K), 2 survivors (2048K)
 Metaspace       used 60166K, committed 60736K, reserved 1114112K
  class space    used 7790K, committed 8064K, reserved 1048576K
}
Event: 18.735 GC heap before
{Heap before GC invocations=20 (full 0):
 garbage-first heap   total 51200K, used 40450K [0x00000000c1400000, 0x0000000100000000)
  region size 1024K, 18 young (18432K), 2 survivors (2048K)
 Metaspace       used 61552K, committed 62144K, reserved 1114112K
  class space    used 8124K, committed 8384K, reserved 1048576K
}
Event: 18.745 GC heap after
{Heap after GC invocations=21 (full 0):
 garbage-first heap   total 51200K, used 27150K [0x00000000c1400000, 0x0000000100000000)
  region size 1024K, 3 young (3072K), 3 survivors (3072K)
 Metaspace       used 61552K, committed 62144K, reserved 1114112K
  class space    used 8124K, committed 8384K, reserved 1048576K
}
Event: 19.161 GC heap before
{Heap before GC invocations=21 (full 0):
 garbage-first heap   total 51200K, used 39438K [0x00000000c1400000, 0x0000000100000000)
  region size 1024K, 16 young (16384K), 3 survivors (3072K)
 Metaspace       used 63153K, committed 63744K, reserved 1114112K
  class space    used 8459K, committed 8768K, reserved 1048576K
}
Event: 19.167 GC heap after
{Heap after GC invocations=22 (full 0):
 garbage-first heap   total 51200K, used 27875K [0x00000000c1400000, 0x0000000100000000)
  region size 1024K, 2 young (2048K), 2 survivors (2048K)
 Metaspace       used 63153K, committed 63744K, reserved 1114112K
  class space    used 8459K, committed 8768K, reserved 1048576K
}
Event: 19.293 GC heap before
{Heap before GC invocations=22 (full 0):
 garbage-first heap   total 66560K, used 40163K [0x00000000c1400000, 0x0000000100000000)
  region size 1024K, 14 young (14336K), 2 survivors (2048K)
 Metaspace       used 63171K, committed 63808K, reserved 1114112K
  class space    used 8459K, committed 8768K, reserved 1048576K
}
Event: 19.299 GC heap after
{Heap after GC invocations=23 (full 0):
 garbage-first heap   total 66560K, used 28938K [0x00000000c1400000, 0x0000000100000000)
  region size 1024K, 2 young (2048K), 2 survivors (2048K)
 Metaspace       used 63171K, committed 63808K, reserved 1114112K
  class space    used 8459K, committed 8768K, reserved 1048576K
}
Event: 19.776 GC heap before
{Heap before GC invocations=24 (full 0):
 garbage-first heap   total 66560K, used 50442K [0x00000000c1400000, 0x0000000100000000)
  region size 1024K, 24 young (24576K), 2 survivors (2048K)
 Metaspace       used 65091K, committed 65664K, reserved 1114112K
  class space    used 8719K, committed 9024K, reserved 1048576K
}
Event: 19.780 GC heap after
{Heap after GC invocations=25 (full 0):
 garbage-first heap   total 66560K, used 28171K [0x00000000c1400000, 0x0000000100000000)
  region size 1024K, 1 young (1024K), 1 survivors (1024K)
 Metaspace       used 65091K, committed 65664K, reserved 1114112K
  class space    used 8719K, committed 9024K, reserved 1048576K
}
Event: 20.811 GC heap before
{Heap before GC invocations=25 (full 0):
 garbage-first heap   total 66560K, used 52747K [0x00000000c1400000, 0x0000000100000000)
  region size 1024K, 25 young (25600K), 1 survivors (1024K)
 Metaspace       used 67235K, committed 67840K, reserved 1114112K
  class space    used 9003K, committed 9280K, reserved 1048576K
}
Event: 20.817 GC heap after
{Heap after GC invocations=26 (full 0):
 garbage-first heap   total 66560K, used 30262K [0x00000000c1400000, 0x0000000100000000)
  region size 1024K, 3 young (3072K), 3 survivors (3072K)
 Metaspace       used 67235K, committed 67840K, reserved 1114112K
  class space    used 9003K, committed 9280K, reserved 1048576K
}

