# JRE version: OpenJDK Runtime Environment Corretto-18.0.2.9.1 (18.0.2+9) (build 18.0.2+9-FR)
# Java VM: OpenJDK 64-Bit Server VM Corretto-18.0.2.9.1 (18.0.2+9-FR, mixed mode, sharing, tiered, compressed oops, compressed class ptrs, g1 gc, windows-amd64)
GC Precious Log:
 CardTable entry size: 512
 Card Set container configuration: InlinePtr #cards 5 size 8 Array Of Cards #cards 12 size 40 Howl #buckets 4 coarsen threshold 1843 Howl Bitmap #cards 512 size 80 coarsen threshold 460 Card regions per heap region 1 cards per card region 2048
 CPUs: 4 total, 4 available
 Memory: 4012M
 Large Page Support: Disabled
 NUMA Support: Disabled
 Compressed Oops: Enabled (32-bit)
 Heap Region Size: 1M
 Heap Min Capacity: 8M
 Heap Initial Capacity: 64M
 Heap Max Capacity: 1004M
 Pre-touch: Disabled
 Parallel Workers: 4
 Concurrent Workers: 1
 Concurrent Refinement Workers: 4
 Periodic GC: Disabled
Heap:
 garbage-first heap   total 55296K, used 35695K [0x00000000c1400000, 0x0000000100000000)
  region size 1024K, 24 young (24576K), 4 survivors (4096K)
 Metaspace       used 30048K, committed 30528K, reserved 1114112K
  class space    used 3709K, committed 3904K, reserved 1048576K
GC Heap History (12 events):
Event: 2.585 GC heap before
{Heap before GC invocations=0 (full 0):
 garbage-first heap   total 65536K, used 13312K [0x00000000c1400000, 0x0000000100000000)
  region size 1024K, 13 young (13312K), 0 survivors (0K)
 Metaspace       used 3686K, committed 3840K, reserved 1114112K
  class space    used 378K, committed 448K, reserved 1048576K
}
Event: 2.597 GC heap after
{Heap after GC invocations=1 (full 0):
 garbage-first heap   total 65536K, used 5945K [0x00000000c1400000, 0x0000000100000000)
  region size 1024K, 2 young (2048K), 2 survivors (2048K)
 Metaspace       used 3686K, committed 3840K, reserved 1114112K
  class space    used 378K, committed 448K, reserved 1048576K
}
Event: 3.867 GC heap before
{Heap before GC invocations=1 (full 0):
 garbage-first heap   total 65536K, used 18233K [0x00000000c1400000, 0x0000000100000000)
  region size 1024K, 14 young (14336K), 2 survivors (2048K)
 Metaspace       used 6752K, committed 6912K, reserved 1114112K
  class space    used 753K, committed 832K, reserved 1048576K
}
Event: 3.873 GC heap after
{Heap after GC invocations=2 (full 0):
 garbage-first heap   total 65536K, used 7222K [0x00000000c1400000, 0x0000000100000000)
  region size 1024K, 2 young (2048K), 2 survivors (2048K)
 Metaspace       used 6752K, committed 6912K, reserved 1114112K
  class space    used 753K, committed 832K, reserved 1048576K
}
Event: 4.973 GC heap before
{Heap before GC invocations=2 (full 0):
 garbage-first heap   total 65536K, used 27702K [0x00000000c1400000, 0x0000000100000000)
  region size 1024K, 23 young (23552K), 2 survivors (2048K)
 Metaspace       used 12245K, committed 12480K, reserved 1114112K
  class space    used 1420K, committed 1536K, reserved 1048576K
}
Event: 4.982 GC heap after
{Heap after GC invocations=3 (full 0):
 garbage-first heap   total 65536K, used 9144K [0x00000000c1400000, 0x0000000100000000)
  region size 1024K, 3 young (3072K), 3 survivors (3072K)
 Metaspace       used 12245K, committed 12480K, reserved 1114112K
  class space    used 1420K, committed 1536K, reserved 1048576K
}
Event: 7.291 GC heap before
{Heap before GC invocations=3 (full 0):
 garbage-first heap   total 65536K, used 38840K [0x00000000c1400000, 0x0000000100000000)
  region size 1024K, 33 young (33792K), 3 survivors (3072K)
 Metaspace       used 18258K, committed 18496K, reserved 1114112K
  class space    used 2173K, committed 2304K, reserved 1048576K
}
Event: 7.309 GC heap after
{Heap after GC invocations=4 (full 0):
 garbage-first heap   total 65536K, used 12118K [0x00000000c1400000, 0x0000000100000000)
  region size 1024K, 5 young (5120K), 5 survivors (5120K)
 Metaspace       used 18258K, committed 18496K, reserved 1114112K
  class space    used 2173K, committed 2304K, reserved 1048576K
}
Event: 9.197 GC heap before
{Heap before GC invocations=4 (full 0):
 garbage-first heap   total 65536K, used 35670K [0x00000000c1400000, 0x0000000100000000)
  region size 1024K, 29 young (29696K), 5 survivors (5120K)
 Metaspace       used 21264K, committed 21504K, reserved 1114112K
  class space    used 2554K, committed 2688K, reserved 1048576K
}
Event: 9.209 GC heap after
{Heap after GC invocations=5 (full 0):
 garbage-first heap   total 65536K, used 13599K [0x00000000c1400000, 0x0000000100000000)
  region size 1024K, 3 young (3072K), 3 survivors (3072K)
 Metaspace       used 21264K, committed 21504K, reserved 1114112K
  class space    used 2554K, committed 2688K, reserved 1048576K
}
Event: 12.065 GC heap before
{Heap before GC invocations=6 (full 0):
 garbage-first heap   total 55296K, used 43295K [0x00000000c1400000, 0x0000000100000000)
  region size 1024K, 32 young (32768K), 3 survivors (3072K)
 Metaspace       used 26707K, committed 27136K, reserved 1114112K
  class space    used 3330K, committed 3520K, reserved 1048576K
}
Event: 12.080 GC heap after
{Heap after GC invocations=7 (full 0):
 garbage-first heap   total 55296K, used 16239K [0x00000000c1400000, 0x0000000100000000)
  region size 1024K, 4 young (4096K), 4 survivors (4096K)
 Metaspace       used 26707K, committed 27136K, reserved 1114112K
  class space    used 3330K, committed 3520K, reserved 1048576K
}

