# JRE version: OpenJDK Runtime Environment Corretto-18.0.2.9.1 (18.0.2+9) (build 18.0.2+9-FR)
# Java VM: OpenJDK 64-Bit Server VM Corretto-18.0.2.9.1 (18.0.2+9-FR, mixed mode, sharing, tiered, compressed oops, compressed class ptrs, g1 gc, windows-amd64)
GC Precious Log:
 CardTable entry size: 512
 Card Set container configuration: InlinePtr #cards 5 size 8 Array Of Cards #cards 12 size 40 Howl #buckets 4 coarsen threshold 1843 Howl Bitmap #cards 512 size 80 coarsen threshold 460 Card regions per heap region 1 cards per card region 2048
 CPUs: 4 total, 4 available
 Memory: 4012M
 Large Page Support: Disabled
 NUMA Support: Disabled
 Compressed Oops: Enabled (32-bit)
 Heap Region Size: 1M
 Heap Min Capacity: 8M
 Heap Initial Capacity: 64M
 Heap Max Capacity: 1004M
 Pre-touch: Disabled
 Parallel Workers: 4
 Concurrent Workers: 1
 Concurrent Refinement Workers: 4
 Periodic GC: Disabled
Heap:
 garbage-first heap   total 48128K, used 29217K [0x00000000c1400000, 0x0000000100000000)
  region size 1024K, 3 young (3072K), 1 survivors (1024K)
 Metaspace       used 62642K, committed 63296K, reserved 1114112K
  class space    used 8266K, committed 8576K, reserved 1048576K
GC Heap History (20 events):
Event: 11.500 GC heap before
{Heap before GC invocations=9 (full 0):
 garbage-first heap   total 48128K, used 29079K [0x00000000c1400000, 0x0000000100000000)
  region size 1024K, 14 young (14336K), 2 survivors (2048K)
 Metaspace       used 35475K, committed 35968K, reserved 1114112K
  class space    used 4527K, committed 4800K, reserved 1048576K
}
Event: 11.505 GC heap after
{Heap after GC invocations=10 (full 0):
 garbage-first heap   total 48128K, used 19349K [0x00000000c1400000, 0x0000000100000000)
  region size 1024K, 2 young (2048K), 2 survivors (2048K)
 Metaspace       used 35475K, committed 35968K, reserved 1114112K
  class space    used 4527K, committed 4800K, reserved 1048576K
}
Event: 12.798 GC heap before
{Heap before GC invocations=11 (full 0):
 garbage-first heap   total 48128K, used 34709K [0x00000000c1400000, 0x0000000100000000)
  region size 1024K, 18 young (18432K), 2 survivors (2048K)
 Metaspace       used 42191K, committed 42752K, reserved 1114112K
  class space    used 5282K, committed 5568K, reserved 1048576K
}
Event: 12.805 GC heap after
{Heap after GC invocations=12 (full 0):
 garbage-first heap   total 48128K, used 20406K [0x00000000c1400000, 0x0000000100000000)
  region size 1024K, 2 young (2048K), 2 survivors (2048K)
 Metaspace       used 42191K, committed 42752K, reserved 1114112K
  class space    used 5282K, committed 5568K, reserved 1048576K
}
Event: 13.591 GC heap before
{Heap before GC invocations=12 (full 0):
 garbage-first heap   total 48128K, used 36790K [0x00000000c1400000, 0x0000000100000000)
  region size 1024K, 18 young (18432K), 2 survivors (2048K)
 Metaspace       used 45259K, committed 45888K, reserved 1114112K
  class space    used 5705K, committed 6016K, reserved 1048576K
}
Event: 13.596 GC heap after
{Heap after GC invocations=13 (full 0):
 garbage-first heap   total 48128K, used 21476K [0x00000000c1400000, 0x0000000100000000)
  region size 1024K, 3 young (3072K), 3 survivors (3072K)
 Metaspace       used 45259K, committed 45888K, reserved 1114112K
  class space    used 5705K, committed 6016K, reserved 1048576K
}
Event: 14.350 GC heap before
{Heap before GC invocations=13 (full 0):
 garbage-first heap   total 48128K, used 37860K [0x00000000c1400000, 0x0000000100000000)
  region size 1024K, 19 young (19456K), 3 survivors (3072K)
 Metaspace       used 48494K, committed 49088K, reserved 1114112K
  class space    used 6092K, committed 6400K, reserved 1048576K
}
Event: 14.355 GC heap after
{Heap after GC invocations=14 (full 0):
 garbage-first heap   total 48128K, used 22439K [0x00000000c1400000, 0x0000000100000000)
  region size 1024K, 2 young (2048K), 2 survivors (2048K)
 Metaspace       used 48494K, committed 49088K, reserved 1114112K
  class space    used 6092K, committed 6400K, reserved 1048576K
}
Event: 15.276 GC heap before
{Heap before GC invocations=14 (full 0):
 garbage-first heap   total 48128K, used 37799K [0x00000000c1400000, 0x0000000100000000)
  region size 1024K, 17 young (17408K), 2 survivors (2048K)
 Metaspace       used 52969K, committed 53568K, reserved 1114112K
  class space    used 6906K, committed 7168K, reserved 1048576K
}
Event: 15.282 GC heap after
{Heap after GC invocations=15 (full 0):
 garbage-first heap   total 48128K, used 23016K [0x00000000c1400000, 0x0000000100000000)
  region size 1024K, 2 young (2048K), 2 survivors (2048K)
 Metaspace       used 52969K, committed 53568K, reserved 1114112K
  class space    used 6906K, committed 7168K, reserved 1048576K
}
Event: 15.944 GC heap before
{Heap before GC invocations=15 (full 0):
 garbage-first heap   total 48128K, used 37352K [0x00000000c1400000, 0x0000000100000000)
  region size 1024K, 17 young (17408K), 2 survivors (2048K)
 Metaspace       used 56570K, committed 57216K, reserved 1114112K
  class space    used 7416K, committed 7744K, reserved 1048576K
}
Event: 15.950 GC heap after
{Heap after GC invocations=16 (full 0):
 garbage-first heap   total 48128K, used 23927K [0x00000000c1400000, 0x0000000100000000)
  region size 1024K, 3 young (3072K), 3 survivors (3072K)
 Metaspace       used 56570K, committed 57216K, reserved 1114112K
  class space    used 7416K, committed 7744K, reserved 1048576K
}
Event: 16.660 GC heap before
{Heap before GC invocations=16 (full 0):
 garbage-first heap   total 48128K, used 38263K [0x00000000c1400000, 0x0000000100000000)
  region size 1024K, 17 young (17408K), 3 survivors (3072K)
 Metaspace       used 58742K, committed 59328K, reserved 1114112K
  class space    used 7686K, committed 8000K, reserved 1048576K
}
Event: 16.667 GC heap after
{Heap after GC invocations=17 (full 0):
 garbage-first heap   total 48128K, used 24996K [0x00000000c1400000, 0x0000000100000000)
  region size 1024K, 3 young (3072K), 3 survivors (3072K)
 Metaspace       used 58742K, committed 59328K, reserved 1114112K
  class space    used 7686K, committed 8000K, reserved 1048576K
}
Event: 17.277 GC heap before
{Heap before GC invocations=17 (full 0):
 garbage-first heap   total 48128K, used 34212K [0x00000000c1400000, 0x0000000100000000)
  region size 1024K, 13 young (13312K), 3 survivors (3072K)
 Metaspace       used 60097K, committed 60736K, reserved 1114112K
  class space    used 7882K, committed 8192K, reserved 1048576K
}
Event: 17.284 GC heap after
{Heap after GC invocations=18 (full 0):
 garbage-first heap   total 48128K, used 25873K [0x00000000c1400000, 0x0000000100000000)
  region size 1024K, 2 young (2048K), 2 survivors (2048K)
 Metaspace       used 60097K, committed 60736K, reserved 1114112K
  class space    used 7882K, committed 8192K, reserved 1048576K
}
Event: 18.028 GC heap before
{Heap before GC invocations=19 (full 0):
 garbage-first heap   total 48128K, used 39185K [0x00000000c1400000, 0x0000000100000000)
  region size 1024K, 15 young (15360K), 2 survivors (2048K)
 Metaspace       used 61269K, committed 61888K, reserved 1114112K
  class space    used 8093K, committed 8384K, reserved 1048576K
}
Event: 18.037 GC heap after
{Heap after GC invocations=20 (full 0):
 garbage-first heap   total 48128K, used 27315K [0x00000000c1400000, 0x0000000100000000)
  region size 1024K, 2 young (2048K), 2 survivors (2048K)
 Metaspace       used 61269K, committed 61888K, reserved 1114112K
  class space    used 8093K, committed 8384K, reserved 1048576K
}
Event: 27.704 GC heap before
{Heap before GC invocations=20 (full 0):
 garbage-first heap   total 48128K, used 37555K [0x00000000c1400000, 0x0000000100000000)
  region size 1024K, 13 young (13312K), 2 survivors (2048K)
 Metaspace       used 62120K, committed 62848K, reserved 1114112K
  class space    used 8206K, committed 8576K, reserved 1048576K
}
Event: 27.711 GC heap after
{Heap after GC invocations=21 (full 0):
 garbage-first heap   total 48128K, used 28193K [0x00000000c1400000, 0x0000000100000000)
  region size 1024K, 1 young (1024K), 1 survivors (1024K)
 Metaspace       used 62120K, committed 62848K, reserved 1114112K
  class space    used 8206K, committed 8576K, reserved 1048576K
}

