# JRE version: OpenJDK Runtime Environment Corretto-18.0.2.9.1 (18.0.2+9) (build 18.0.2+9-FR)
# Java VM: OpenJDK 64-Bit Server VM Corretto-18.0.2.9.1 (18.0.2+9-FR, mixed mode, sharing, tiered, compressed oops, compressed class ptrs, g1 gc, windows-amd64)
GC Precious Log:
 CardTable entry size: 512
 Card Set container configuration: InlinePtr #cards 5 size 8 Array Of Cards #cards 12 size 40 Howl #buckets 4 coarsen threshold 1843 Howl Bitmap #cards 512 size 80 coarsen threshold 460 Card regions per heap region 1 cards per card region 2048
 CPUs: 4 total, 4 available
 Memory: 4012M
 Large Page Support: Disabled
 NUMA Support: Disabled
 Compressed Oops: Enabled (32-bit)
 Heap Region Size: 1M
 Heap Min Capacity: 8M
 Heap Initial Capacity: 64M
 Heap Max Capacity: 1004M
 Pre-touch: Disabled
 Parallel Workers: 4
 Concurrent Workers: 1
 Concurrent Refinement Workers: 4
 Periodic GC: Disabled
Heap:
 garbage-first heap   total 65536K, used 15161K [0x00000000c1400000, 0x0000000100000000)
  region size 1024K, 9 young (9216K), 5 survivors (5120K)
 Metaspace       used 18610K, committed 18880K, reserved 1114112K
  class space    used 2211K, committed 2304K, reserved 1048576K
GC Heap History (8 events):
Event: 2.504 GC heap before
{Heap before GC invocations=0 (full 0):
 garbage-first heap   total 65536K, used 13312K [0x00000000c1400000, 0x0000000100000000)
  region size 1024K, 13 young (13312K), 0 survivors (0K)
 Metaspace       used 3753K, committed 3968K, reserved 1114112K
  class space    used 383K, committed 512K, reserved 1048576K
}
Event: 2.667 GC heap after
{Heap after GC invocations=1 (full 0):
 garbage-first heap   total 65536K, used 5860K [0x00000000c1400000, 0x0000000100000000)
  region size 1024K, 2 young (2048K), 2 survivors (2048K)
 Metaspace       used 3753K, committed 3968K, reserved 1114112K
  class space    used 383K, committed 512K, reserved 1048576K
}
Event: 4.519 GC heap before
{Heap before GC invocations=1 (full 0):
 garbage-first heap   total 65536K, used 16100K [0x00000000c1400000, 0x0000000100000000)
  region size 1024K, 13 young (13312K), 2 survivors (2048K)
 Metaspace       used 6555K, committed 6656K, reserved 1114112K
  class space    used 725K, committed 768K, reserved 1048576K
}
Event: 4.525 GC heap after
{Heap after GC invocations=2 (full 0):
 garbage-first heap   total 65536K, used 7165K [0x00000000c1400000, 0x0000000100000000)
  region size 1024K, 2 young (2048K), 2 survivors (2048K)
 Metaspace       used 6555K, committed 6656K, reserved 1114112K
  class space    used 725K, committed 768K, reserved 1048576K
}
Event: 6.622 GC heap before
{Heap before GC invocations=2 (full 0):
 garbage-first heap   total 65536K, used 27645K [0x00000000c1400000, 0x0000000100000000)
  region size 1024K, 23 young (23552K), 2 survivors (2048K)
 Metaspace       used 11990K, committed 12224K, reserved 1114112K
  class space    used 1393K, committed 1536K, reserved 1048576K
}
Event: 6.631 GC heap after
{Heap after GC invocations=3 (full 0):
 garbage-first heap   total 65536K, used 9054K [0x00000000c1400000, 0x0000000100000000)
  region size 1024K, 3 young (3072K), 3 survivors (3072K)
 Metaspace       used 11990K, committed 12224K, reserved 1114112K
  class space    used 1393K, committed 1536K, reserved 1048576K
}
Event: 8.614 GC heap before
{Heap before GC invocations=3 (full 0):
 garbage-first heap   total 65536K, used 39774K [0x00000000c1400000, 0x0000000100000000)
  region size 1024K, 34 young (34816K), 3 survivors (3072K)
 Metaspace       used 18285K, committed 18560K, reserved 1114112K
  class space    used 2176K, committed 2304K, reserved 1048576K
}
Event: 8.626 GC heap after
{Heap after GC invocations=4 (full 0):
 garbage-first heap   total 65536K, used 12089K [0x00000000c1400000, 0x0000000100000000)
  region size 1024K, 5 young (5120K), 5 survivors (5120K)
 Metaspace       used 18285K, committed 18560K, reserved 1114112K
  class space    used 2176K, committed 2304K, reserved 1048576K
}

