# JRE version: OpenJDK Runtime Environment Corretto-18.0.2.9.1 (18.0.2+9) (build 18.0.2+9-FR)
# Java VM: OpenJDK 64-Bit Server VM Corretto-18.0.2.9.1 (18.0.2+9-FR, mixed mode, sharing, tiered, compressed oops, compressed class ptrs, g1 gc, windows-amd64)
GC Precious Log:
 CardTable entry size: 512
 Card Set container configuration: InlinePtr #cards 5 size 8 Array Of Cards #cards 12 size 40 Howl #buckets 4 coarsen threshold 1843 Howl Bitmap #cards 512 size 80 coarsen threshold 460 Card regions per heap region 1 cards per card region 2048
 CPUs: 4 total, 4 available
 Memory: 4012M
 Large Page Support: Disabled
 NUMA Support: Disabled
 Compressed Oops: Enabled (32-bit)
 Heap Region Size: 1M
 Heap Min Capacity: 8M
 Heap Initial Capacity: 64M
 Heap Max Capacity: 1004M
 Pre-touch: Disabled
 Parallel Workers: 4
 Concurrent Workers: 1
 Concurrent Refinement Workers: 4
 Periodic GC: Disabled
Heap:
 garbage-first heap   total 65536K, used 26121K [0x00000000c1400000, 0x0000000100000000)
  region size 1024K, 21 young (21504K), 5 survivors (5120K)
 Metaspace       used 20106K, committed 20352K, reserved 1114112K
  class space    used 2384K, committed 2496K, reserved 1048576K
GC Heap History (8 events):
Event: 6.356 GC heap before
{Heap before GC invocations=0 (full 0):
 garbage-first heap   total 65536K, used 13312K [0x00000000c1400000, 0x0000000100000000)
  region size 1024K, 13 young (13312K), 0 survivors (0K)
 Metaspace       used 3718K, committed 3968K, reserved 1114112K
  class space    used 383K, committed 512K, reserved 1048576K
}
Event: 6.387 GC heap after
{Heap after GC invocations=1 (full 0):
 garbage-first heap   total 65536K, used 6116K [0x00000000c1400000, 0x0000000100000000)
  region size 1024K, 2 young (2048K), 2 survivors (2048K)
 Metaspace       used 3718K, committed 3968K, reserved 1114112K
  class space    used 383K, committed 512K, reserved 1048576K
}
Event: 7.516 GC heap before
{Heap before GC invocations=1 (full 0):
 garbage-first heap   total 65536K, used 16356K [0x00000000c1400000, 0x0000000100000000)
  region size 1024K, 13 young (13312K), 2 survivors (2048K)
 Metaspace       used 6486K, committed 6656K, reserved 1114112K
  class space    used 732K, committed 832K, reserved 1048576K
}
Event: 7.520 GC heap after
{Heap after GC invocations=2 (full 0):
 garbage-first heap   total 65536K, used 6716K [0x00000000c1400000, 0x0000000100000000)
  region size 1024K, 1 young (1024K), 1 survivors (1024K)
 Metaspace       used 6486K, committed 6656K, reserved 1114112K
  class space    used 732K, committed 832K, reserved 1048576K
}
Event: 11.705 GC heap before
{Heap before GC invocations=2 (full 0):
 garbage-first heap   total 65536K, used 27196K [0x00000000c1400000, 0x0000000100000000)
  region size 1024K, 22 young (22528K), 1 survivors (1024K)
 Metaspace       used 11935K, committed 12160K, reserved 1114112K
  class space    used 1396K, committed 1536K, reserved 1048576K
}
Event: 11.716 GC heap after
{Heap after GC invocations=3 (full 0):
 garbage-first heap   total 65536K, used 8891K [0x00000000c1400000, 0x0000000100000000)
  region size 1024K, 3 young (3072K), 3 survivors (3072K)
 Metaspace       used 11935K, committed 12160K, reserved 1114112K
  class space    used 1396K, committed 1536K, reserved 1048576K
}
Event: 16.529 GC heap before
{Heap before GC invocations=3 (full 0):
 garbage-first heap   total 65536K, used 38587K [0x00000000c1400000, 0x0000000100000000)
  region size 1024K, 33 young (33792K), 3 survivors (3072K)
 Metaspace       used 18202K, committed 18496K, reserved 1114112K
  class space    used 2167K, committed 2304K, reserved 1048576K
}
Event: 16.544 GC heap after
{Heap after GC invocations=4 (full 0):
 garbage-first heap   total 65536K, used 11785K [0x00000000c1400000, 0x0000000100000000)
  region size 1024K, 5 young (5120K), 5 survivors (5120K)
 Metaspace       used 18202K, committed 18496K, reserved 1114112K
  class space    used 2167K, committed 2304K, reserved 1048576K
}

