# JRE version: OpenJDK Runtime Environment Corretto-18.0.2.9.1 (18.0.2+9) (build 18.0.2+9-FR)
# Java VM: OpenJDK 64-Bit Server VM Corretto-18.0.2.9.1 (18.0.2+9-FR, mixed mode, sharing, tiered, compressed oops, compressed class ptrs, g1 gc, windows-amd64)
GC Precious Log:
 CardTable entry size: 512
 Card Set container configuration: InlinePtr #cards 5 size 8 Array Of Cards #cards 12 size 40 Howl #buckets 4 coarsen threshold 1843 Howl Bitmap #cards 512 size 80 coarsen threshold 460 Card regions per heap region 1 cards per card region 2048
 CPUs: 4 total, 4 available
 Memory: 4012M
 Large Page Support: Disabled
 NUMA Support: Disabled
 Compressed Oops: Enabled (32-bit)
 Heap Region Size: 1M
 Heap Min Capacity: 8M
 Heap Initial Capacity: 64M
 Heap Max Capacity: 1004M
 Pre-touch: Disabled
 Parallel Workers: 4
 Concurrent Workers: 1
 Concurrent Refinement Workers: 4
 Periodic GC: Disabled
Heap:
 garbage-first heap   total 53248K, used 35228K [0x00000000c1400000, 0x0000000100000000)
  region size 1024K, 9 young (9216K), 2 survivors (2048K)
 Metaspace       used 64300K, committed 65024K, reserved 1114112K
  class space    used 8490K, committed 8832K, reserved 1048576K
GC Heap History (20 events):
Event: 13.685 GC heap before
{Heap before GC invocations=8 (full 0):
 garbage-first heap   total 51200K, used 35703K [0x00000000c1400000, 0x0000000100000000)
  region size 1024K, 20 young (20480K), 3 survivors (3072K)
 Metaspace       used 33961K, committed 34496K, reserved 1114112K
  class space    used 4262K, committed 4544K, reserved 1048576K
}
Event: 13.691 GC heap after
{Heap after GC invocations=9 (full 0):
 garbage-first heap   total 51200K, used 20198K [0x00000000c1400000, 0x0000000100000000)
  region size 1024K, 2 young (2048K), 2 survivors (2048K)
 Metaspace       used 33961K, committed 34496K, reserved 1114112K
  class space    used 4262K, committed 4544K, reserved 1048576K
}
Event: 13.974 GC heap before
{Heap before GC invocations=9 (full 0):
 garbage-first heap   total 51200K, used 25318K [0x00000000c1400000, 0x0000000100000000)
  region size 1024K, 8 young (8192K), 2 survivors (2048K)
 Metaspace       used 35384K, committed 35968K, reserved 1114112K
  class space    used 4493K, committed 4736K, reserved 1048576K
}
Event: 13.977 GC heap after
{Heap after GC invocations=10 (full 0):
 garbage-first heap   total 51200K, used 20273K [0x00000000c1400000, 0x0000000100000000)
  region size 1024K, 2 young (2048K), 2 survivors (2048K)
 Metaspace       used 35384K, committed 35968K, reserved 1114112K
  class space    used 4493K, committed 4736K, reserved 1048576K
}
Event: 15.265 GC heap before
{Heap before GC invocations=11 (full 0):
 garbage-first heap   total 51200K, used 38705K [0x00000000c1400000, 0x0000000100000000)
  region size 1024K, 20 young (20480K), 2 survivors (2048K)
 Metaspace       used 42513K, committed 43072K, reserved 1114112K
  class space    used 5321K, committed 5568K, reserved 1048576K
}
Event: 15.273 GC heap after
{Heap after GC invocations=12 (full 0):
 garbage-first heap   total 51200K, used 21455K [0x00000000c1400000, 0x0000000100000000)
  region size 1024K, 3 young (3072K), 3 survivors (3072K)
 Metaspace       used 42513K, committed 43072K, reserved 1114112K
  class space    used 5321K, committed 5568K, reserved 1048576K
}
Event: 15.951 GC heap before
{Heap before GC invocations=12 (full 0):
 garbage-first heap   total 51200K, used 39887K [0x00000000c1400000, 0x0000000100000000)
  region size 1024K, 21 young (21504K), 3 survivors (3072K)
 Metaspace       used 45781K, committed 46336K, reserved 1114112K
  class space    used 5758K, committed 6016K, reserved 1048576K
}
Event: 15.957 GC heap after
{Heap after GC invocations=13 (full 0):
 garbage-first heap   total 51200K, used 22604K [0x00000000c1400000, 0x0000000100000000)
  region size 1024K, 3 young (3072K), 3 survivors (3072K)
 Metaspace       used 45781K, committed 46336K, reserved 1114112K
  class space    used 5758K, committed 6016K, reserved 1048576K
}
Event: 16.705 GC heap before
{Heap before GC invocations=13 (full 0):
 garbage-first heap   total 51200K, used 38988K [0x00000000c1400000, 0x0000000100000000)
  region size 1024K, 20 young (20480K), 3 survivors (3072K)
 Metaspace       used 50663K, committed 51264K, reserved 1114112K
  class space    used 6450K, committed 6720K, reserved 1048576K
}
Event: 16.711 GC heap after
{Heap after GC invocations=14 (full 0):
 garbage-first heap   total 51200K, used 23449K [0x00000000c1400000, 0x0000000100000000)
  region size 1024K, 2 young (2048K), 2 survivors (2048K)
 Metaspace       used 50663K, committed 51264K, reserved 1114112K
  class space    used 6450K, committed 6720K, reserved 1048576K
}
Event: 17.621 GC heap before
{Heap before GC invocations=14 (full 0):
 garbage-first heap   total 51200K, used 39833K [0x00000000c1400000, 0x0000000100000000)
  region size 1024K, 19 young (19456K), 2 survivors (2048K)
 Metaspace       used 54721K, committed 55296K, reserved 1114112K
  class space    used 7137K, committed 7424K, reserved 1048576K
}
Event: 17.626 GC heap after
{Heap after GC invocations=15 (full 0):
 garbage-first heap   total 51200K, used 24201K [0x00000000c1400000, 0x0000000100000000)
  region size 1024K, 2 young (2048K), 2 survivors (2048K)
 Metaspace       used 54721K, committed 55296K, reserved 1114112K
  class space    used 7137K, committed 7424K, reserved 1048576K
}
Event: 18.270 GC heap before
{Heap before GC invocations=15 (full 0):
 garbage-first heap   total 51200K, used 40585K [0x00000000c1400000, 0x0000000100000000)
  region size 1024K, 18 young (18432K), 2 survivors (2048K)
 Metaspace       used 58189K, committed 58816K, reserved 1114112K
  class space    used 7584K, committed 7872K, reserved 1048576K
}
Event: 18.277 GC heap after
{Heap after GC invocations=16 (full 0):
 garbage-first heap   total 51200K, used 25454K [0x00000000c1400000, 0x0000000100000000)
  region size 1024K, 3 young (3072K), 3 survivors (3072K)
 Metaspace       used 58189K, committed 58816K, reserved 1114112K
  class space    used 7584K, committed 7872K, reserved 1048576K
}
Event: 18.725 GC heap before
{Heap before GC invocations=17 (full 0):
 garbage-first heap   total 51200K, used 40814K [0x00000000c1400000, 0x0000000100000000)
  region size 1024K, 18 young (18432K), 3 survivors (3072K)
 Metaspace       used 59196K, committed 59776K, reserved 1114112K
  class space    used 7813K, committed 8128K, reserved 1048576K
}
Event: 18.732 GC heap after
{Heap after GC invocations=18 (full 0):
 garbage-first heap   total 51200K, used 26249K [0x00000000c1400000, 0x0000000100000000)
  region size 1024K, 3 young (3072K), 3 survivors (3072K)
 Metaspace       used 59196K, committed 59776K, reserved 1114112K
  class space    used 7813K, committed 8128K, reserved 1048576K
}
Event: 19.483 GC heap before
{Heap before GC invocations=18 (full 0):
 garbage-first heap   total 51200K, used 41609K [0x00000000c1400000, 0x0000000100000000)
  region size 1024K, 18 young (18432K), 3 survivors (3072K)
 Metaspace       used 61136K, committed 61760K, reserved 1114112K
  class space    used 8070K, committed 8384K, reserved 1048576K
}
Event: 19.491 GC heap after
{Heap after GC invocations=19 (full 0):
 garbage-first heap   total 51200K, used 27920K [0x00000000c1400000, 0x0000000100000000)
  region size 1024K, 3 young (3072K), 3 survivors (3072K)
 Metaspace       used 61136K, committed 61760K, reserved 1114112K
  class space    used 8070K, committed 8384K, reserved 1048576K
}
Event: 20.000 GC heap before
{Heap before GC invocations=20 (full 0):
 garbage-first heap   total 53248K, used 39184K [0x00000000c1400000, 0x0000000100000000)
  region size 1024K, 14 young (14336K), 3 survivors (3072K)
 Metaspace       used 62447K, committed 63168K, reserved 1114112K
  class space    used 8252K, committed 8576K, reserved 1048576K
}
Event: 20.008 GC heap after
{Heap after GC invocations=21 (full 0):
 garbage-first heap   total 53248K, used 29084K [0x00000000c1400000, 0x0000000100000000)
  region size 1024K, 2 young (2048K), 2 survivors (2048K)
 Metaspace       used 62447K, committed 63168K, reserved 1114112K
  class space    used 8252K, committed 8576K, reserved 1048576K
}

