# JRE version: OpenJDK Runtime Environment Corretto-18.0.2.9.1 (18.0.2+9) (build 18.0.2+9-FR)
# Java VM: OpenJDK 64-Bit Server VM Corretto-18.0.2.9.1 (18.0.2+9-FR, mixed mode, sharing, tiered, compressed oops, compressed class ptrs, g1 gc, windows-amd64)
GC Precious Log:
 CardTable entry size: 512
 Card Set container configuration: InlinePtr #cards 5 size 8 Array Of Cards #cards 12 size 40 Howl #buckets 4 coarsen threshold 1843 Howl Bitmap #cards 512 size 80 coarsen threshold 460 Card regions per heap region 1 cards per card region 2048
 CPUs: 4 total, 4 available
 Memory: 4012M
 Large Page Support: Disabled
 NUMA Support: Disabled
 Compressed Oops: Enabled (32-bit)
 Heap Region Size: 1M
 Heap Min Capacity: 8M
 Heap Initial Capacity: 64M
 Heap Max Capacity: 1004M
 Pre-touch: Disabled
 Parallel Workers: 4
 Concurrent Workers: 1
 Concurrent Refinement Workers: 4
 Periodic GC: Disabled
Heap:
 garbage-first heap   total 55296K, used 28590K [0x00000000c1400000, 0x0000000100000000)
  region size 1024K, 3 young (3072K), 2 survivors (2048K)
 Metaspace       used 62554K, committed 63168K, reserved 1114112K
  class space    used 8285K, committed 8576K, reserved 1048576K
GC Heap History (20 events):
Event: 13.935 GC heap before
{Heap before GC invocations=7 (full 0):
 garbage-first heap   total 51200K, used 34271K [0x00000000c1400000, 0x0000000100000000)
  region size 1024K, 23 young (23552K), 4 survivors (4096K)
 Metaspace       used 29813K, committed 30272K, reserved 1114112K
  class space    used 3672K, committed 3904K, reserved 1048576K
}
Event: 13.949 GC heap after
{Heap after GC invocations=8 (full 0):
 garbage-first heap   total 51200K, used 18232K [0x00000000c1400000, 0x0000000100000000)
  region size 1024K, 3 young (3072K), 3 survivors (3072K)
 Metaspace       used 29813K, committed 30272K, reserved 1114112K
  class space    used 3672K, committed 3904K, reserved 1048576K
}
Event: 14.987 GC heap before
{Heap before GC invocations=8 (full 0):
 garbage-first heap   total 51200K, used 36664K [0x00000000c1400000, 0x0000000100000000)
  region size 1024K, 21 young (21504K), 3 survivors (3072K)
 Metaspace       used 33821K, committed 34304K, reserved 1114112K
  class space    used 4253K, committed 4480K, reserved 1048576K
}
Event: 14.992 GC heap after
{Heap after GC invocations=9 (full 0):
 garbage-first heap   total 51200K, used 19685K [0x00000000c1400000, 0x0000000100000000)
  region size 1024K, 2 young (2048K), 2 survivors (2048K)
 Metaspace       used 33821K, committed 34304K, reserved 1114112K
  class space    used 4253K, committed 4480K, reserved 1048576K
}
Event: 15.370 GC heap before
{Heap before GC invocations=9 (full 0):
 garbage-first heap   total 51200K, used 25829K [0x00000000c1400000, 0x0000000100000000)
  region size 1024K, 9 young (9216K), 2 survivors (2048K)
 Metaspace       used 35490K, committed 35968K, reserved 1114112K
  class space    used 4536K, committed 4736K, reserved 1048576K
}
Event: 15.374 GC heap after
{Heap after GC invocations=10 (full 0):
 garbage-first heap   total 51200K, used 19672K [0x00000000c1400000, 0x0000000100000000)
  region size 1024K, 2 young (2048K), 2 survivors (2048K)
 Metaspace       used 35490K, committed 35968K, reserved 1114112K
  class space    used 4536K, committed 4736K, reserved 1048576K
}
Event: 18.155 GC heap before
{Heap before GC invocations=11 (full 0):
 garbage-first heap   total 51200K, used 38104K [0x00000000c1400000, 0x0000000100000000)
  region size 1024K, 20 young (20480K), 2 survivors (2048K)
 Metaspace       used 42656K, committed 43200K, reserved 1114112K
  class space    used 5371K, committed 5632K, reserved 1048576K
}
Event: 18.160 GC heap after
{Heap after GC invocations=12 (full 0):
 garbage-first heap   total 51200K, used 20785K [0x00000000c1400000, 0x0000000100000000)
  region size 1024K, 3 young (3072K), 3 survivors (3072K)
 Metaspace       used 42656K, committed 43200K, reserved 1114112K
  class space    used 5371K, committed 5632K, reserved 1048576K
}
Event: 18.777 GC heap before
{Heap before GC invocations=12 (full 0):
 garbage-first heap   total 51200K, used 38193K [0x00000000c1400000, 0x0000000100000000)
  region size 1024K, 21 young (21504K), 3 survivors (3072K)
 Metaspace       used 45721K, committed 46272K, reserved 1114112K
  class space    used 5764K, committed 6016K, reserved 1048576K
}
Event: 18.784 GC heap after
{Heap after GC invocations=13 (full 0):
 garbage-first heap   total 51200K, used 21962K [0x00000000c1400000, 0x0000000100000000)
  region size 1024K, 3 young (3072K), 3 survivors (3072K)
 Metaspace       used 45721K, committed 46272K, reserved 1114112K
  class space    used 5764K, committed 6016K, reserved 1048576K
}
Event: 19.605 GC heap before
{Heap before GC invocations=13 (full 0):
 garbage-first heap   total 51200K, used 38346K [0x00000000c1400000, 0x0000000100000000)
  region size 1024K, 20 young (20480K), 3 survivors (3072K)
 Metaspace       used 50754K, committed 51328K, reserved 1114112K
  class space    used 6479K, committed 6784K, reserved 1048576K
}
Event: 19.613 GC heap after
{Heap after GC invocations=14 (full 0):
 garbage-first heap   total 51200K, used 22805K [0x00000000c1400000, 0x0000000100000000)
  region size 1024K, 2 young (2048K), 2 survivors (2048K)
 Metaspace       used 50754K, committed 51328K, reserved 1114112K
  class space    used 6479K, committed 6784K, reserved 1048576K
}
Event: 20.582 GC heap before
{Heap before GC invocations=14 (full 0):
 garbage-first heap   total 51200K, used 40213K [0x00000000c1400000, 0x0000000100000000)
  region size 1024K, 19 young (19456K), 2 survivors (2048K)
 Metaspace       used 54815K, committed 55360K, reserved 1114112K
  class space    used 7174K, committed 7424K, reserved 1048576K
}
Event: 20.588 GC heap after
{Heap after GC invocations=15 (full 0):
 garbage-first heap   total 51200K, used 23562K [0x00000000c1400000, 0x0000000100000000)
  region size 1024K, 2 young (2048K), 2 survivors (2048K)
 Metaspace       used 54815K, committed 55360K, reserved 1114112K
  class space    used 7174K, committed 7424K, reserved 1048576K
}
Event: 21.308 GC heap before
{Heap before GC invocations=15 (full 0):
 garbage-first heap   total 51200K, used 38922K [0x00000000c1400000, 0x0000000100000000)
  region size 1024K, 18 young (18432K), 2 survivors (2048K)
 Metaspace       used 58285K, committed 58880K, reserved 1114112K
  class space    used 7643K, committed 7936K, reserved 1048576K
}
Event: 21.314 GC heap after
{Heap after GC invocations=16 (full 0):
 garbage-first heap   total 51200K, used 24886K [0x00000000c1400000, 0x0000000100000000)
  region size 1024K, 3 young (3072K), 3 survivors (3072K)
 Metaspace       used 58285K, committed 58880K, reserved 1114112K
  class space    used 7643K, committed 7936K, reserved 1048576K
}
Event: 22.150 GC heap before
{Heap before GC invocations=17 (full 0):
 garbage-first heap   total 51200K, used 39222K [0x00000000c1400000, 0x0000000100000000)
  region size 1024K, 17 young (17408K), 3 survivors (3072K)
 Metaspace       used 59830K, committed 60480K, reserved 1114112K
  class space    used 7910K, committed 8192K, reserved 1048576K
}
Event: 22.157 GC heap after
{Heap after GC invocations=18 (full 0):
 garbage-first heap   total 51200K, used 25773K [0x00000000c1400000, 0x0000000100000000)
  region size 1024K, 3 young (3072K), 3 survivors (3072K)
 Metaspace       used 59830K, committed 60480K, reserved 1114112K
  class space    used 7910K, committed 8192K, reserved 1048576K
}
Event: 22.810 GC heap before
{Heap before GC invocations=18 (full 0):
 garbage-first heap   total 51200K, used 41133K [0x00000000c1400000, 0x0000000100000000)
  region size 1024K, 18 young (18432K), 3 survivors (3072K)
 Metaspace       used 61202K, committed 61888K, reserved 1114112K
  class space    used 8093K, committed 8384K, reserved 1048576K
}
Event: 22.818 GC heap after
{Heap after GC invocations=19 (full 0):
 garbage-first heap   total 51200K, used 27305K [0x00000000c1400000, 0x0000000100000000)
  region size 1024K, 3 young (3072K), 3 survivors (3072K)
 Metaspace       used 61202K, committed 61888K, reserved 1114112K
  class space    used 8093K, committed 8384K, reserved 1048576K
}

