# JRE version: OpenJDK Runtime Environment Corretto-18.0.2.9.1 (18.0.2+9) (build 18.0.2+9-FR)
# Java VM: OpenJDK 64-Bit Server VM Corretto-18.0.2.9.1 (18.0.2+9-FR, mixed mode, sharing, tiered, compressed oops, compressed class ptrs, g1 gc, windows-amd64)
GC Precious Log:
 CardTable entry size: 512
 Card Set container configuration: InlinePtr #cards 5 size 8 Array Of Cards #cards 12 size 40 Howl #buckets 4 coarsen threshold 1843 Howl Bitmap #cards 512 size 80 coarsen threshold 460 Card regions per heap region 1 cards per card region 2048
 CPUs: 4 total, 4 available
 Memory: 4012M
 Large Page Support: Disabled
 NUMA Support: Disabled
 Compressed Oops: Enabled (32-bit)
 Heap Region Size: 1M
 Heap Min Capacity: 8M
 Heap Initial Capacity: 64M
 Heap Max Capacity: 1004M
 Pre-touch: Disabled
 Parallel Workers: 4
 Concurrent Workers: 1
 Concurrent Refinement Workers: 4
 Periodic GC: Disabled
Heap:
 garbage-first heap   total 151552K, used 83841K [0x00000000c1400000, 0x0000000100000000)
  region size 1024K, 61 young (62464K), 2 survivors (2048K)
 Metaspace       used 64097K, committed 64832K, reserved 1114112K
  class space    used 8293K, committed 8640K, reserved 1048576K
GC Heap History (20 events):
Event: 29.468 GC heap before
{Heap before GC invocations=21 (full 0):
 garbage-first heap   total 51200K, used 27814K [0x00000000c1400000, 0x0000000100000000)
  region size 1024K, 4 young (4096K), 3 survivors (3072K)
 Metaspace       used 61377K, committed 62080K, reserved 1114112K
  class space    used 8110K, committed 8448K, reserved 1048576K
}
Event: 29.482 GC heap after
{Heap after GC invocations=22 (full 0):
 garbage-first heap   total 51200K, used 27233K [0x00000000c1400000, 0x0000000100000000)
  region size 1024K, 1 young (1024K), 1 survivors (1024K)
 Metaspace       used 61377K, committed 62080K, reserved 1114112K
  class space    used 8110K, committed 8448K, reserved 1048576K
}
Event: 182.904 GC heap before
{Heap before GC invocations=22 (full 0):
 garbage-first heap   total 51200K, used 39521K [0x00000000c1400000, 0x0000000100000000)
  region size 1024K, 14 young (14336K), 1 survivors (1024K)
 Metaspace       used 62390K, committed 63104K, reserved 1114112K
  class space    used 8242K, committed 8576K, reserved 1048576K
}
Event: 182.923 GC heap after
{Heap after GC invocations=23 (full 0):
 garbage-first heap   total 51200K, used 27535K [0x00000000c1400000, 0x0000000100000000)
  region size 1024K, 1 young (1024K), 1 survivors (1024K)
 Metaspace       used 62390K, committed 63104K, reserved 1114112K
  class space    used 8242K, committed 8576K, reserved 1048576K
}
Event: 182.999 GC heap before
{Heap before GC invocations=23 (full 0):
 garbage-first heap   total 51200K, used 27535K [0x00000000c1400000, 0x0000000100000000)
  region size 1024K, 2 young (2048K), 1 survivors (1024K)
 Metaspace       used 62450K, committed 63168K, reserved 1114112K
  class space    used 8249K, committed 8576K, reserved 1048576K
}
Event: 183.260 GC heap after
{Heap after GC invocations=24 (full 1):
 garbage-first heap   total 51200K, used 23494K [0x00000000c1400000, 0x0000000100000000)
  region size 1024K, 0 young (0K), 0 survivors (0K)
 Metaspace       used 62450K, committed 63168K, reserved 1114112K
  class space    used 8249K, committed 8576K, reserved 1048576K
}
Event: 185.749 GC heap before
{Heap before GC invocations=24 (full 1):
 garbage-first heap   total 51200K, used 39878K [0x00000000c1400000, 0x0000000100000000)
  region size 1024K, 17 young (17408K), 0 survivors (0K)
 Metaspace       used 62592K, committed 63296K, reserved 1114112K
  class space    used 8253K, committed 8576K, reserved 1048576K
}
Event: 185.757 GC heap after
{Heap after GC invocations=25 (full 1):
 garbage-first heap   total 51200K, used 25231K [0x00000000c1400000, 0x0000000100000000)
  region size 1024K, 2 young (2048K), 2 survivors (2048K)
 Metaspace       used 62592K, committed 63296K, reserved 1114112K
  class space    used 8253K, committed 8576K, reserved 1048576K
}
Event: 188.847 GC heap before
{Heap before GC invocations=25 (full 1):
 garbage-first heap   total 51200K, used 39567K [0x00000000c1400000, 0x0000000100000000)
  region size 1024K, 17 young (17408K), 2 survivors (2048K)
 Metaspace       used 62796K, committed 63488K, reserved 1114112K
  class space    used 8256K, committed 8576K, reserved 1048576K
}
Event: 188.856 GC heap after
{Heap after GC invocations=26 (full 1):
 garbage-first heap   total 51200K, used 26179K [0x00000000c1400000, 0x0000000100000000)
  region size 1024K, 2 young (2048K), 2 survivors (2048K)
 Metaspace       used 62796K, committed 63488K, reserved 1114112K
  class space    used 8256K, committed 8576K, reserved 1048576K
}
Event: 189.603 GC heap before
{Heap before GC invocations=26 (full 1):
 garbage-first heap   total 51200K, used 38467K [0x00000000c1400000, 0x0000000100000000)
  region size 1024K, 15 young (15360K), 2 survivors (2048K)
 Metaspace       used 63097K, committed 63808K, reserved 1114112K
  class space    used 8269K, committed 8576K, reserved 1048576K
}
Event: 189.615 GC heap after
{Heap after GC invocations=27 (full 1):
 garbage-first heap   total 51200K, used 27550K [0x00000000c1400000, 0x0000000100000000)
  region size 1024K, 2 young (2048K), 2 survivors (2048K)
 Metaspace       used 63097K, committed 63808K, reserved 1114112K
  class space    used 8269K, committed 8576K, reserved 1048576K
}
Event: 190.278 GC heap before
{Heap before GC invocations=27 (full 1):
 garbage-first heap   total 51200K, used 39838K [0x00000000c1400000, 0x0000000100000000)
  region size 1024K, 14 young (14336K), 2 survivors (2048K)
 Metaspace       used 63240K, committed 63936K, reserved 1114112K
  class space    used 8270K, committed 8576K, reserved 1048576K
}
Event: 190.284 GC heap after
{Heap after GC invocations=28 (full 1):
 garbage-first heap   total 51200K, used 28272K [0x00000000c1400000, 0x0000000100000000)
  region size 1024K, 1 young (1024K), 1 survivors (1024K)
 Metaspace       used 63240K, committed 63936K, reserved 1114112K
  class space    used 8270K, committed 8576K, reserved 1048576K
}
Event: 191.069 GC heap before
{Heap before GC invocations=28 (full 1):
 garbage-first heap   total 51200K, used 40560K [0x00000000c1400000, 0x0000000100000000)
  region size 1024K, 13 young (13312K), 1 survivors (1024K)
 Metaspace       used 63332K, committed 64000K, reserved 1114112K
  class space    used 8273K, committed 8576K, reserved 1048576K
}
Event: 191.073 GC heap after
{Heap after GC invocations=29 (full 1):
 garbage-first heap   total 51200K, used 28803K [0x00000000c1400000, 0x0000000100000000)
  region size 1024K, 2 young (2048K), 2 survivors (2048K)
 Metaspace       used 63332K, committed 64000K, reserved 1114112K
  class space    used 8273K, committed 8576K, reserved 1048576K
}
Event: 192.719 GC heap before
{Heap before GC invocations=29 (full 1):
 garbage-first heap   total 51200K, used 32899K [0x00000000c1400000, 0x0000000100000000)
  region size 1024K, 7 young (7168K), 2 survivors (2048K)
 Metaspace       used 63370K, committed 64064K, reserved 1114112K
  class space    used 8274K, committed 8576K, reserved 1048576K
}
Event: 192.813 GC heap after
{Heap after GC invocations=30 (full 2):
 garbage-first heap   total 51200K, used 23774K [0x00000000c1400000, 0x0000000100000000)
  region size 1024K, 0 young (0K), 0 survivors (0K)
 Metaspace       used 63368K, committed 64064K, reserved 1114112K
  class space    used 8273K, committed 8576K, reserved 1048576K
}
Event: 194.643 GC heap before
{Heap before GC invocations=30 (full 2):
 garbage-first heap   total 51200K, used 40158K [0x00000000c1400000, 0x0000000100000000)
  region size 1024K, 17 young (17408K), 0 survivors (0K)
 Metaspace       used 63473K, committed 64128K, reserved 1114112K
  class space    used 8276K, committed 8576K, reserved 1048576K
}
Event: 194.649 GC heap after
{Heap after GC invocations=31 (full 2):
 garbage-first heap   total 151552K, used 25473K [0x00000000c1400000, 0x0000000100000000)
  region size 1024K, 2 young (2048K), 2 survivors (2048K)
 Metaspace       used 63473K, committed 64128K, reserved 1114112K
  class space    used 8276K, committed 8576K, reserved 1048576K
}

