# JRE version: OpenJDK Runtime Environment Corretto-18.0.2.9.1 (18.0.2+9) (build 18.0.2+9-FR)
# Java VM: OpenJDK 64-Bit Server VM Corretto-18.0.2.9.1 (18.0.2+9-FR, mixed mode, sharing, tiered, compressed oops, compressed class ptrs, g1 gc, windows-amd64)
GC Precious Log:
 CardTable entry size: 512
 Card Set container configuration: InlinePtr #cards 5 size 8 Array Of Cards #cards 12 size 40 Howl #buckets 4 coarsen threshold 1843 Howl Bitmap #cards 512 size 80 coarsen threshold 460 Card regions per heap region 1 cards per card region 2048
 CPUs: 4 total, 4 available
 Memory: 4012M
 Large Page Support: Disabled
 NUMA Support: Disabled
 Compressed Oops: Enabled (32-bit)
 Heap Region Size: 1M
 Heap Min Capacity: 8M
 Heap Initial Capacity: 64M
 Heap Max Capacity: 1004M
 Pre-touch: Disabled
 Parallel Workers: 4
 Concurrent Workers: 1
 Concurrent Refinement Workers: 4
 Periodic GC: Disabled
Heap:
 garbage-first heap   total 51200K, used 28803K [0x00000000c1400000, 0x0000000100000000)
  region size 1024K, 2 young (2048K), 1 survivors (1024K)
 Metaspace       used 63017K, committed 63680K, reserved 1114112K
  class space    used 8338K, committed 8640K, reserved 1048576K
GC Heap History (20 events):
Event: 13.517 GC heap before
{Heap before GC invocations=9 (full 0):
 garbage-first heap   total 51200K, used 22888K [0x00000000c1400000, 0x0000000100000000)
  region size 1024K, 6 young (6144K), 2 survivors (2048K)
 Metaspace       used 35418K, committed 35968K, reserved 1114112K
  class space    used 4516K, committed 4800K, reserved 1048576K
}
Event: 13.520 GC heap after
{Heap after GC invocations=10 (full 0):
 garbage-first heap   total 51200K, used 19980K [0x00000000c1400000, 0x0000000100000000)
  region size 1024K, 2 young (2048K), 2 survivors (2048K)
 Metaspace       used 35418K, committed 35968K, reserved 1114112K
  class space    used 4516K, committed 4800K, reserved 1048576K
}
Event: 14.974 GC heap before
{Heap before GC invocations=11 (full 0):
 garbage-first heap   total 51200K, used 37388K [0x00000000c1400000, 0x0000000100000000)
  region size 1024K, 20 young (20480K), 2 survivors (2048K)
 Metaspace       used 42480K, committed 43008K, reserved 1114112K
  class space    used 5329K, committed 5568K, reserved 1048576K
}
Event: 14.979 GC heap after
{Heap after GC invocations=12 (full 0):
 garbage-first heap   total 51200K, used 21203K [0x00000000c1400000, 0x0000000100000000)
  region size 1024K, 3 young (3072K), 3 survivors (3072K)
 Metaspace       used 42480K, committed 43008K, reserved 1114112K
  class space    used 5329K, committed 5568K, reserved 1048576K
}
Event: 15.950 GC heap before
{Heap before GC invocations=12 (full 0):
 garbage-first heap   total 51200K, used 38611K [0x00000000c1400000, 0x0000000100000000)
  region size 1024K, 21 young (21504K), 3 survivors (3072K)
 Metaspace       used 45736K, committed 46272K, reserved 1114112K
  class space    used 5761K, committed 6016K, reserved 1048576K
}
Event: 15.956 GC heap after
{Heap after GC invocations=13 (full 0):
 garbage-first heap   total 51200K, used 22221K [0x00000000c1400000, 0x0000000100000000)
  region size 1024K, 3 young (3072K), 3 survivors (3072K)
 Metaspace       used 45736K, committed 46272K, reserved 1114112K
  class space    used 5761K, committed 6016K, reserved 1048576K
}
Event: 16.789 GC heap before
{Heap before GC invocations=13 (full 0):
 garbage-first heap   total 51200K, used 38605K [0x00000000c1400000, 0x0000000100000000)
  region size 1024K, 20 young (20480K), 3 survivors (3072K)
 Metaspace       used 50775K, committed 51328K, reserved 1114112K
  class space    used 6478K, committed 6720K, reserved 1048576K
}
Event: 16.795 GC heap after
{Heap after GC invocations=14 (full 0):
 garbage-first heap   total 51200K, used 23196K [0x00000000c1400000, 0x0000000100000000)
  region size 1024K, 2 young (2048K), 2 survivors (2048K)
 Metaspace       used 50775K, committed 51328K, reserved 1114112K
  class space    used 6478K, committed 6720K, reserved 1048576K
}
Event: 17.779 GC heap before
{Heap before GC invocations=14 (full 0):
 garbage-first heap   total 51200K, used 39580K [0x00000000c1400000, 0x0000000100000000)
  region size 1024K, 19 young (19456K), 2 survivors (2048K)
 Metaspace       used 54838K, committed 55360K, reserved 1114112K
  class space    used 7174K, committed 7424K, reserved 1048576K
}
Event: 17.784 GC heap after
{Heap after GC invocations=15 (full 0):
 garbage-first heap   total 51200K, used 24036K [0x00000000c1400000, 0x0000000100000000)
  region size 1024K, 2 young (2048K), 2 survivors (2048K)
 Metaspace       used 54838K, committed 55360K, reserved 1114112K
  class space    used 7174K, committed 7424K, reserved 1048576K
}
Event: 18.909 GC heap before
{Heap before GC invocations=15 (full 0):
 garbage-first heap   total 51200K, used 39396K [0x00000000c1400000, 0x0000000100000000)
  region size 1024K, 18 young (18432K), 2 survivors (2048K)
 Metaspace       used 58366K, committed 58944K, reserved 1114112K
  class space    used 7643K, committed 7936K, reserved 1048576K
}
Event: 18.917 GC heap after
{Heap after GC invocations=16 (full 0):
 garbage-first heap   total 51200K, used 25286K [0x00000000c1400000, 0x0000000100000000)
  region size 1024K, 3 young (3072K), 3 survivors (3072K)
 Metaspace       used 58366K, committed 58944K, reserved 1114112K
  class space    used 7643K, committed 7936K, reserved 1048576K
}
Event: 19.631 GC heap before
{Heap before GC invocations=17 (full 0):
 garbage-first heap   total 51200K, used 40646K [0x00000000c1400000, 0x0000000100000000)
  region size 1024K, 18 young (18432K), 3 survivors (3072K)
 Metaspace       used 59854K, committed 60480K, reserved 1114112K
  class space    used 7910K, committed 8192K, reserved 1048576K
}
Event: 19.641 GC heap after
{Heap after GC invocations=18 (full 0):
 garbage-first heap   total 51200K, used 26015K [0x00000000c1400000, 0x0000000100000000)
  region size 1024K, 3 young (3072K), 3 survivors (3072K)
 Metaspace       used 59854K, committed 60480K, reserved 1114112K
  class space    used 7910K, committed 8192K, reserved 1048576K
}
Event: 20.589 GC heap before
{Heap before GC invocations=18 (full 0):
 garbage-first heap   total 51200K, used 40351K [0x00000000c1400000, 0x0000000100000000)
  region size 1024K, 17 young (17408K), 3 survivors (3072K)
 Metaspace       used 61255K, committed 61952K, reserved 1114112K
  class space    used 8094K, committed 8448K, reserved 1048576K
}
Event: 20.604 GC heap after
{Heap after GC invocations=19 (full 0):
 garbage-first heap   total 51200K, used 27532K [0x00000000c1400000, 0x0000000100000000)
  region size 1024K, 3 young (3072K), 3 survivors (3072K)
 Metaspace       used 61255K, committed 61952K, reserved 1114112K
  class space    used 8094K, committed 8448K, reserved 1048576K
}
Event: 21.252 GC heap before
{Heap before GC invocations=20 (full 0):
 garbage-first heap   total 51200K, used 39820K [0x00000000c1400000, 0x0000000100000000)
  region size 1024K, 15 young (15360K), 3 survivors (3072K)
 Metaspace       used 62689K, committed 63360K, reserved 1114112K
  class space    used 8294K, committed 8640K, reserved 1048576K
}
Event: 21.264 GC heap after
{Heap after GC invocations=21 (full 0):
 garbage-first heap   total 51200K, used 28745K [0x00000000c1400000, 0x0000000100000000)
  region size 1024K, 2 young (2048K), 2 survivors (2048K)
 Metaspace       used 62689K, committed 63360K, reserved 1114112K
  class space    used 8294K, committed 8640K, reserved 1048576K
}
Event: 21.377 GC heap before
{Heap before GC invocations=21 (full 0):
 garbage-first heap   total 51200K, used 29769K [0x00000000c1400000, 0x0000000100000000)
  region size 1024K, 3 young (3072K), 2 survivors (2048K)
 Metaspace       used 63005K, committed 63680K, reserved 1114112K
  class space    used 8336K, committed 8640K, reserved 1048576K
}
Event: 21.383 GC heap after
{Heap after GC invocations=22 (full 0):
 garbage-first heap   total 51200K, used 28803K [0x00000000c1400000, 0x0000000100000000)
  region size 1024K, 1 young (1024K), 1 survivors (1024K)
 Metaspace       used 63005K, committed 63680K, reserved 1114112K
  class space    used 8336K, committed 8640K, reserved 1048576K
}

