# JRE version: OpenJDK Runtime Environment Corretto-18.0.2.9.1 (18.0.2+9) (build 18.0.2+9-FR)
# Java VM: OpenJDK 64-Bit Server VM Corretto-18.0.2.9.1 (18.0.2+9-FR, mixed mode, sharing, tiered, compressed oops, compressed class ptrs, g1 gc, windows-amd64)
GC Precious Log:
 CardTable entry size: 512
 Card Set container configuration: InlinePtr #cards 5 size 8 Array Of Cards #cards 12 size 40 Howl #buckets 4 coarsen threshold 1843 Howl Bitmap #cards 512 size 80 coarsen threshold 460 Card regions per heap region 1 cards per card region 2048
 CPUs: 4 total, 4 available
 Memory: 4012M
 Large Page Support: Disabled
 NUMA Support: Disabled
 Compressed Oops: Enabled (32-bit)
 Heap Region Size: 1M
 Heap Min Capacity: 8M
 Heap Initial Capacity: 64M
 Heap Max Capacity: 1004M
 Pre-touch: Disabled
 Parallel Workers: 4
 Concurrent Workers: 1
 Concurrent Refinement Workers: 4
 Periodic GC: Disabled
Heap:
 garbage-first heap   total 63488K, used 45348K [0x00000000c1400000, 0x0000000100000000)
  region size 1024K, 19 young (19456K), 3 survivors (3072K)
 Metaspace       used 67600K, committed 68224K, reserved 1114112K
  class space    used 9157K, committed 9472K, reserved 1048576K
GC Heap History (20 events):
Event: 12.441 GC heap before
{Heap before GC invocations=12 (full 0):
 garbage-first heap   total 51200K, used 38191K [0x00000000c1400000, 0x0000000100000000)
  region size 1024K, 21 young (21504K), 3 survivors (3072K)
 Metaspace       used 45565K, committed 46144K, reserved 1114112K
  class space    used 5744K, committed 6016K, reserved 1048576K
}
Event: 12.447 GC heap after
{Heap after GC invocations=13 (full 0):
 garbage-first heap   total 51200K, used 21861K [0x00000000c1400000, 0x0000000100000000)
  region size 1024K, 3 young (3072K), 3 survivors (3072K)
 Metaspace       used 45565K, committed 46144K, reserved 1114112K
  class space    used 5744K, committed 6016K, reserved 1048576K
}
Event: 13.224 GC heap before
{Heap before GC invocations=13 (full 0):
 garbage-first heap   total 51200K, used 38245K [0x00000000c1400000, 0x0000000100000000)
  region size 1024K, 20 young (20480K), 3 survivors (3072K)
 Metaspace       used 50853K, committed 51392K, reserved 1114112K
  class space    used 6488K, committed 6720K, reserved 1048576K
}
Event: 13.231 GC heap after
{Heap after GC invocations=14 (full 0):
 garbage-first heap   total 51200K, used 22744K [0x00000000c1400000, 0x0000000100000000)
  region size 1024K, 2 young (2048K), 2 survivors (2048K)
 Metaspace       used 50853K, committed 51392K, reserved 1114112K
  class space    used 6488K, committed 6720K, reserved 1048576K
}
Event: 14.095 GC heap before
{Heap before GC invocations=14 (full 0):
 garbage-first heap   total 51200K, used 39128K [0x00000000c1400000, 0x0000000100000000)
  region size 1024K, 19 young (19456K), 2 survivors (2048K)
 Metaspace       used 54816K, committed 55360K, reserved 1114112K
  class space    used 7155K, committed 7424K, reserved 1048576K
}
Event: 14.100 GC heap after
{Heap after GC invocations=15 (full 0):
 garbage-first heap   total 51200K, used 23519K [0x00000000c1400000, 0x0000000100000000)
  region size 1024K, 2 young (2048K), 2 survivors (2048K)
 Metaspace       used 54816K, committed 55360K, reserved 1114112K
  class space    used 7155K, committed 7424K, reserved 1048576K
}
Event: 14.815 GC heap before
{Heap before GC invocations=15 (full 0):
 garbage-first heap   total 51200K, used 39903K [0x00000000c1400000, 0x0000000100000000)
  region size 1024K, 18 young (18432K), 2 survivors (2048K)
 Metaspace       used 58259K, committed 58880K, reserved 1114112K
  class space    used 7602K, committed 7872K, reserved 1048576K
}
Event: 14.823 GC heap after
{Heap after GC invocations=16 (full 0):
 garbage-first heap   total 51200K, used 24830K [0x00000000c1400000, 0x0000000100000000)
  region size 1024K, 3 young (3072K), 3 survivors (3072K)
 Metaspace       used 58259K, committed 58880K, reserved 1114112K
  class space    used 7602K, committed 7872K, reserved 1048576K
}
Event: 15.892 GC heap before
{Heap before GC invocations=17 (full 0):
 garbage-first heap   total 51200K, used 40190K [0x00000000c1400000, 0x0000000100000000)
  region size 1024K, 18 young (18432K), 3 survivors (3072K)
 Metaspace       used 60126K, committed 60672K, reserved 1114112K
  class space    used 8004K, committed 8256K, reserved 1048576K
}
Event: 15.901 GC heap after
{Heap after GC invocations=18 (full 0):
 garbage-first heap   total 51200K, used 25949K [0x00000000c1400000, 0x0000000100000000)
  region size 1024K, 3 young (3072K), 3 survivors (3072K)
 Metaspace       used 60126K, committed 60672K, reserved 1114112K
  class space    used 8004K, committed 8256K, reserved 1048576K
}
Event: 16.196 GC heap before
{Heap before GC invocations=18 (full 0):
 garbage-first heap   total 51200K, used 39261K [0x00000000c1400000, 0x0000000100000000)
  region size 1024K, 17 young (17408K), 3 survivors (3072K)
 Metaspace       used 60850K, committed 61440K, reserved 1114112K
  class space    used 8107K, committed 8384K, reserved 1048576K
}
Event: 16.204 GC heap after
{Heap after GC invocations=19 (full 0):
 garbage-first heap   total 51200K, used 26727K [0x00000000c1400000, 0x0000000100000000)
  region size 1024K, 2 young (2048K), 2 survivors (2048K)
 Metaspace       used 60850K, committed 61440K, reserved 1114112K
  class space    used 8107K, committed 8384K, reserved 1048576K
}
Event: 16.591 GC heap before
{Heap before GC invocations=20 (full 0):
 garbage-first heap   total 51200K, used 40039K [0x00000000c1400000, 0x0000000100000000)
  region size 1024K, 16 young (16384K), 2 survivors (2048K)
 Metaspace       used 62291K, committed 62912K, reserved 1114112K
  class space    used 8440K, committed 8704K, reserved 1048576K
}
Event: 16.597 GC heap after
{Heap after GC invocations=21 (full 0):
 garbage-first heap   total 51200K, used 27617K [0x00000000c1400000, 0x0000000100000000)
  region size 1024K, 2 young (2048K), 2 survivors (2048K)
 Metaspace       used 62291K, committed 62912K, reserved 1114112K
  class space    used 8440K, committed 8704K, reserved 1048576K
}
Event: 16.730 GC heap before
{Heap before GC invocations=21 (full 0):
 garbage-first heap   total 51200K, used 39905K [0x00000000c1400000, 0x0000000100000000)
  region size 1024K, 14 young (14336K), 2 survivors (2048K)
 Metaspace       used 62293K, committed 62912K, reserved 1114112K
  class space    used 8440K, committed 8704K, reserved 1048576K
}
Event: 16.737 GC heap after
{Heap after GC invocations=22 (full 0):
 garbage-first heap   total 51200K, used 29575K [0x00000000c1400000, 0x0000000100000000)
  region size 1024K, 2 young (2048K), 2 survivors (2048K)
 Metaspace       used 62293K, committed 62912K, reserved 1114112K
  class space    used 8440K, committed 8704K, reserved 1048576K
}
Event: 17.156 GC heap before
{Heap before GC invocations=23 (full 0):
 garbage-first heap   total 63488K, used 39815K [0x00000000c1400000, 0x0000000100000000)
  region size 1024K, 13 young (13312K), 2 survivors (2048K)
 Metaspace       used 64119K, committed 64704K, reserved 1114112K
  class space    used 8698K, committed 8960K, reserved 1048576K
}
Event: 17.159 GC heap after
{Heap after GC invocations=24 (full 0):
 garbage-first heap   total 63488K, used 28298K [0x00000000c1400000, 0x0000000100000000)
  region size 1024K, 1 young (1024K), 1 survivors (1024K)
 Metaspace       used 64119K, committed 64704K, reserved 1114112K
  class space    used 8698K, committed 8960K, reserved 1048576K
}
Event: 17.899 GC heap before
{Heap before GC invocations=24 (full 0):
 garbage-first heap   total 63488K, used 49802K [0x00000000c1400000, 0x0000000100000000)
  region size 1024K, 22 young (22528K), 1 survivors (1024K)
 Metaspace       used 65854K, committed 66496K, reserved 1114112K
  class space    used 8913K, committed 9216K, reserved 1048576K
}
Event: 17.907 GC heap after
{Heap after GC invocations=25 (full 0):
 garbage-first heap   total 63488K, used 29988K [0x00000000c1400000, 0x0000000100000000)
  region size 1024K, 3 young (3072K), 3 survivors (3072K)
 Metaspace       used 65854K, committed 66496K, reserved 1114112K
  class space    used 8913K, committed 9216K, reserved 1048576K
}

