# JRE version: OpenJDK Runtime Environment Corretto-18.0.2.9.1 (18.0.2+9) (build 18.0.2+9-FR)
# Java VM: OpenJDK 64-Bit Server VM Corretto-18.0.2.9.1 (18.0.2+9-FR, mixed mode, sharing, tiered, compressed oops, compressed class ptrs, g1 gc, windows-amd64)
GC Precious Log:
 CardTable entry size: 512
 Card Set container configuration: InlinePtr #cards 5 size 8 Array Of Cards #cards 12 size 40 Howl #buckets 4 coarsen threshold 1843 Howl Bitmap #cards 512 size 80 coarsen threshold 460 Card regions per heap region 1 cards per card region 2048
 CPUs: 4 total, 4 available
 Memory: 4012M
 Large Page Support: Disabled
 NUMA Support: Disabled
 Compressed Oops: Enabled (32-bit)
 Heap Region Size: 1M
 Heap Min Capacity: 8M
 Heap Initial Capacity: 64M
 Heap Max Capacity: 1004M
 Pre-touch: Disabled
 Parallel Workers: 4
 Concurrent Workers: 1
 Concurrent Refinement Workers: 4
 Periodic GC: Disabled
Heap:
 garbage-first heap   total 61440K, used 32507K [0x00000000c1400000, 0x0000000100000000)
  region size 1024K, 3 young (3072K), 2 survivors (2048K)
 Metaspace       used 70030K, committed 70720K, reserved 1114112K
  class space    used 9462K, committed 9792K, reserved 1048576K
GC Heap History (20 events):
Event: 12.687 GC heap before
{Heap before GC invocations=12 (full 0):
 garbage-first heap   total 51200K, used 39096K [0x00000000c1400000, 0x0000000100000000)
  region size 1024K, 20 young (20480K), 3 survivors (3072K)
 Metaspace       used 45485K, committed 46016K, reserved 1114112K
  class space    used 5730K, committed 6016K, reserved 1048576K
}
Event: 12.694 GC heap after
{Heap after GC invocations=13 (full 0):
 garbage-first heap   total 51200K, used 22722K [0x00000000c1400000, 0x0000000100000000)
  region size 1024K, 3 young (3072K), 3 survivors (3072K)
 Metaspace       used 45485K, committed 46016K, reserved 1114112K
  class space    used 5730K, committed 6016K, reserved 1048576K
}
Event: 13.617 GC heap before
{Heap before GC invocations=13 (full 0):
 garbage-first heap   total 51200K, used 39106K [0x00000000c1400000, 0x0000000100000000)
  region size 1024K, 20 young (20480K), 3 survivors (3072K)
 Metaspace       used 50555K, committed 51136K, reserved 1114112K
  class space    used 6440K, committed 6720K, reserved 1048576K
}
Event: 13.623 GC heap after
{Heap after GC invocations=14 (full 0):
 garbage-first heap   total 51200K, used 23511K [0x00000000c1400000, 0x0000000100000000)
  region size 1024K, 2 young (2048K), 2 survivors (2048K)
 Metaspace       used 50555K, committed 51136K, reserved 1114112K
  class space    used 6440K, committed 6720K, reserved 1048576K
}
Event: 14.385 GC heap before
{Heap before GC invocations=14 (full 0):
 garbage-first heap   total 51200K, used 39895K [0x00000000c1400000, 0x0000000100000000)
  region size 1024K, 19 young (19456K), 2 survivors (2048K)
 Metaspace       used 54410K, committed 55040K, reserved 1114112K
  class space    used 7113K, committed 7424K, reserved 1048576K
}
Event: 14.390 GC heap after
{Heap after GC invocations=15 (full 0):
 garbage-first heap   total 51200K, used 24381K [0x00000000c1400000, 0x0000000100000000)
  region size 1024K, 2 young (2048K), 2 survivors (2048K)
 Metaspace       used 54410K, committed 55040K, reserved 1114112K
  class space    used 7113K, committed 7424K, reserved 1048576K
}
Event: 14.970 GC heap before
{Heap before GC invocations=15 (full 0):
 garbage-first heap   total 51200K, used 40765K [0x00000000c1400000, 0x0000000100000000)
  region size 1024K, 18 young (18432K), 2 survivors (2048K)
 Metaspace       used 58081K, committed 58752K, reserved 1114112K
  class space    used 7574K, committed 7872K, reserved 1048576K
}
Event: 14.977 GC heap after
{Heap after GC invocations=16 (full 0):
 garbage-first heap   total 51200K, used 25643K [0x00000000c1400000, 0x0000000100000000)
  region size 1024K, 3 young (3072K), 3 survivors (3072K)
 Metaspace       used 58081K, committed 58752K, reserved 1114112K
  class space    used 7574K, committed 7872K, reserved 1048576K
}
Event: 15.439 GC heap before
{Heap before GC invocations=17 (full 0):
 garbage-first heap   total 51200K, used 39979K [0x00000000c1400000, 0x0000000100000000)
  region size 1024K, 17 young (17408K), 3 survivors (3072K)
 Metaspace       used 59666K, committed 60224K, reserved 1114112K
  class space    used 7878K, committed 8128K, reserved 1048576K
}
Event: 15.446 GC heap after
{Heap after GC invocations=18 (full 0):
 garbage-first heap   total 51200K, used 26857K [0x00000000c1400000, 0x0000000100000000)
  region size 1024K, 3 young (3072K), 3 survivors (3072K)
 Metaspace       used 59666K, committed 60224K, reserved 1114112K
  class space    used 7878K, committed 8128K, reserved 1048576K
}
Event: 15.468 GC heap before
{Heap before GC invocations=18 (full 0):
 garbage-first heap   total 51200K, used 27881K [0x00000000c1400000, 0x0000000100000000)
  region size 1024K, 4 young (4096K), 3 survivors (3072K)
 Metaspace       used 59864K, committed 60416K, reserved 1114112K
  class space    used 7936K, committed 8192K, reserved 1048576K
}
Event: 15.474 GC heap after
{Heap after GC invocations=19 (full 0):
 garbage-first heap   total 51200K, used 26903K [0x00000000c1400000, 0x0000000100000000)
  region size 1024K, 1 young (1024K), 1 survivors (1024K)
 Metaspace       used 59864K, committed 60416K, reserved 1114112K
  class space    used 7936K, committed 8192K, reserved 1048576K
}
Event: 15.737 GC heap before
{Heap before GC invocations=19 (full 0):
 garbage-first heap   total 51200K, used 40215K [0x00000000c1400000, 0x0000000100000000)
  region size 1024K, 15 young (15360K), 1 survivors (1024K)
 Metaspace       used 60675K, committed 61312K, reserved 1114112K
  class space    used 8101K, committed 8384K, reserved 1048576K
}
Event: 15.740 GC heap after
{Heap after GC invocations=20 (full 0):
 garbage-first heap   total 51200K, used 27288K [0x00000000c1400000, 0x0000000100000000)
  region size 1024K, 1 young (1024K), 1 survivors (1024K)
 Metaspace       used 60675K, committed 61312K, reserved 1114112K
  class space    used 8101K, committed 8384K, reserved 1048576K
}
Event: 16.043 GC heap before
{Heap before GC invocations=21 (full 0):
 garbage-first heap   total 51200K, used 41624K [0x00000000c1400000, 0x0000000100000000)
  region size 1024K, 15 young (15360K), 1 survivors (1024K)
 Metaspace       used 62209K, committed 62848K, reserved 1114112K
  class space    used 8434K, committed 8704K, reserved 1048576K
}
Event: 16.047 GC heap after
{Heap after GC invocations=22 (full 0):
 garbage-first heap   total 61440K, used 28277K [0x00000000c1400000, 0x0000000100000000)
  region size 1024K, 2 young (2048K), 2 survivors (2048K)
 Metaspace       used 62209K, committed 62848K, reserved 1114112K
  class space    used 8434K, committed 8704K, reserved 1048576K
}
Event: 16.312 GC heap before
{Heap before GC invocations=22 (full 0):
 garbage-first heap   total 61440K, used 48757K [0x00000000c1400000, 0x0000000100000000)
  region size 1024K, 23 young (23552K), 2 survivors (2048K)
 Metaspace       used 63565K, committed 64192K, reserved 1114112K
  class space    used 8653K, committed 8896K, reserved 1048576K
}
Event: 16.317 GC heap after
{Heap after GC invocations=23 (full 0):
 garbage-first heap   total 61440K, used 28667K [0x00000000c1400000, 0x0000000100000000)
  region size 1024K, 2 young (2048K), 2 survivors (2048K)
 Metaspace       used 63565K, committed 64192K, reserved 1114112K
  class space    used 8653K, committed 8896K, reserved 1048576K
}
Event: 17.056 GC heap before
{Heap before GC invocations=23 (full 0):
 garbage-first heap   total 61440K, used 50171K [0x00000000c1400000, 0x0000000100000000)
  region size 1024K, 23 young (23552K), 2 survivors (2048K)
 Metaspace       used 66034K, committed 66752K, reserved 1114112K
  class space    used 8958K, committed 9280K, reserved 1048576K
}
Event: 17.064 GC heap after
{Heap after GC invocations=24 (full 0):
 garbage-first heap   total 61440K, used 30543K [0x00000000c1400000, 0x0000000100000000)
  region size 1024K, 3 young (3072K), 3 survivors (3072K)
 Metaspace       used 66034K, committed 66752K, reserved 1114112K
  class space    used 8958K, committed 9280K, reserved 1048576K
}

