# JRE version: OpenJDK Runtime Environment Corretto-18.0.2.9.1 (18.0.2+9) (build 18.0.2+9-FR)
# Java VM: OpenJDK 64-Bit Server VM Corretto-18.0.2.9.1 (18.0.2+9-FR, mixed mode, sharing, tiered, compressed oops, compressed class ptrs, g1 gc, windows-amd64)
GC Precious Log:
 CardTable entry size: 512
 Card Set container configuration: InlinePtr #cards 5 size 8 Array Of Cards #cards 12 size 40 Howl #buckets 4 coarsen threshold 1843 Howl Bitmap #cards 512 size 80 coarsen threshold 460 Card regions per heap region 1 cards per card region 2048
 CPUs: 4 total, 4 available
 Memory: 4012M
 Large Page Support: Disabled
 NUMA Support: Disabled
 Compressed Oops: Enabled (32-bit)
 Heap Region Size: 1M
 Heap Min Capacity: 8M
 Heap Initial Capacity: 64M
 Heap Max Capacity: 1004M
 Pre-touch: Disabled
 Parallel Workers: 4
 Concurrent Workers: 1
 Concurrent Refinement Workers: 4
 Periodic GC: Disabled
Heap:
 garbage-first heap   total 55296K, used 25154K [0x00000000c1400000, 0x0000000100000000)
  region size 1024K, 8 young (8192K), 3 survivors (3072K)
 Metaspace       used 48269K, committed 48832K, reserved 1114112K
  class space    used 6065K, committed 6336K, reserved 1048576K
GC Heap History (20 events):
Event: 7.609 GC heap before
{Heap before GC invocations=1 (full 0):
 garbage-first heap   total 65536K, used 15658K [0x00000000c1400000, 0x0000000100000000)
  region size 1024K, 12 young (12288K), 2 survivors (2048K)
 Metaspace       used 6149K, committed 6336K, reserved 1114112K
  class space    used 683K, committed 768K, reserved 1048576K
}
Event: 7.618 GC heap after
{Heap after GC invocations=2 (full 0):
 garbage-first heap   total 65536K, used 6958K [0x00000000c1400000, 0x0000000100000000)
  region size 1024K, 1 young (1024K), 1 survivors (1024K)
 Metaspace       used 6149K, committed 6336K, reserved 1114112K
  class space    used 683K, committed 768K, reserved 1048576K
}
Event: 11.155 GC heap before
{Heap before GC invocations=2 (full 0):
 garbage-first heap   total 65536K, used 27438K [0x00000000c1400000, 0x0000000100000000)
  region size 1024K, 22 young (22528K), 1 survivors (1024K)
 Metaspace       used 11916K, committed 12160K, reserved 1114112K
  class space    used 1389K, committed 1536K, reserved 1048576K
}
Event: 11.162 GC heap after
{Heap after GC invocations=3 (full 0):
 garbage-first heap   total 65536K, used 8581K [0x00000000c1400000, 0x0000000100000000)
  region size 1024K, 3 young (3072K), 3 survivors (3072K)
 Metaspace       used 11916K, committed 12160K, reserved 1114112K
  class space    used 1389K, committed 1536K, reserved 1048576K
}
Event: 17.856 GC heap before
{Heap before GC invocations=3 (full 0):
 garbage-first heap   total 65536K, used 37253K [0x00000000c1400000, 0x0000000100000000)
  region size 1024K, 32 young (32768K), 3 survivors (3072K)
 Metaspace       used 18035K, committed 18368K, reserved 1114112K
  class space    used 2157K, committed 2304K, reserved 1048576K
}
Event: 17.870 GC heap after
{Heap after GC invocations=4 (full 0):
 garbage-first heap   total 65536K, used 11654K [0x00000000c1400000, 0x0000000100000000)
  region size 1024K, 4 young (4096K), 4 survivors (4096K)
 Metaspace       used 18035K, committed 18368K, reserved 1114112K
  class space    used 2157K, committed 2304K, reserved 1048576K
}
Event: 22.290 GC heap before
{Heap before GC invocations=4 (full 0):
 garbage-first heap   total 65536K, used 36230K [0x00000000c1400000, 0x0000000100000000)
  region size 1024K, 29 young (29696K), 4 survivors (4096K)
 Metaspace       used 21256K, committed 21504K, reserved 1114112K
  class space    used 2554K, committed 2688K, reserved 1048576K
}
Event: 22.304 GC heap after
{Heap after GC invocations=5 (full 0):
 garbage-first heap   total 65536K, used 13567K [0x00000000c1400000, 0x0000000100000000)
  region size 1024K, 3 young (3072K), 3 survivors (3072K)
 Metaspace       used 21256K, committed 21504K, reserved 1114112K
  class space    used 2554K, committed 2688K, reserved 1048576K
}
Event: 25.016 GC heap before
{Heap before GC invocations=6 (full 0):
 garbage-first heap   total 55296K, used 43263K [0x00000000c1400000, 0x0000000100000000)
  region size 1024K, 32 young (32768K), 3 survivors (3072K)
 Metaspace       used 26810K, committed 27264K, reserved 1114112K
  class space    used 3338K, committed 3520K, reserved 1048576K
}
Event: 25.036 GC heap after
{Heap after GC invocations=7 (full 0):
 garbage-first heap   total 55296K, used 16474K [0x00000000c1400000, 0x0000000100000000)
  region size 1024K, 4 young (4096K), 4 survivors (4096K)
 Metaspace       used 26810K, committed 27264K, reserved 1114112K
  class space    used 3338K, committed 3520K, reserved 1048576K
}
Event: 25.087 GC heap before
{Heap before GC invocations=7 (full 0):
 garbage-first heap   total 55296K, used 17498K [0x00000000c1400000, 0x0000000100000000)
  region size 1024K, 5 young (5120K), 4 survivors (4096K)
 Metaspace       used 26968K, committed 27392K, reserved 1114112K
  class space    used 3352K, committed 3520K, reserved 1048576K
}
Event: 25.100 GC heap after
{Heap after GC invocations=8 (full 0):
 garbage-first heap   total 55296K, used 16988K [0x00000000c1400000, 0x0000000100000000)
  region size 1024K, 1 young (1024K), 1 survivors (1024K)
 Metaspace       used 26968K, committed 27392K, reserved 1114112K
  class space    used 3352K, committed 3520K, reserved 1048576K
}
Event: 26.675 GC heap before
{Heap before GC invocations=8 (full 0):
 garbage-first heap   total 55296K, used 37468K [0x00000000c1400000, 0x0000000100000000)
  region size 1024K, 22 young (22528K), 1 survivors (1024K)
 Metaspace       used 30724K, committed 31296K, reserved 1114112K
  class space    used 3786K, committed 4032K, reserved 1048576K
}
Event: 26.680 GC heap after
{Heap after GC invocations=9 (full 0):
 garbage-first heap   total 55296K, used 18497K [0x00000000c1400000, 0x0000000100000000)
  region size 1024K, 2 young (2048K), 2 survivors (2048K)
 Metaspace       used 30724K, committed 31296K, reserved 1114112K
  class space    used 3786K, committed 4032K, reserved 1048576K
}
Event: 28.473 GC heap before
{Heap before GC invocations=9 (full 0):
 garbage-first heap   total 55296K, used 36929K [0x00000000c1400000, 0x0000000100000000)
  region size 1024K, 21 young (21504K), 2 survivors (2048K)
 Metaspace       used 35518K, committed 35968K, reserved 1114112K
  class space    used 4532K, committed 4736K, reserved 1048576K
}
Event: 28.482 GC heap after
{Heap after GC invocations=10 (full 0):
 garbage-first heap   total 55296K, used 19456K [0x00000000c1400000, 0x0000000100000000)
  region size 1024K, 1 young (1024K), 1 survivors (1024K)
 Metaspace       used 35518K, committed 35968K, reserved 1114112K
  class space    used 4532K, committed 4736K, reserved 1048576K
}
Event: 30.348 GC heap before
{Heap before GC invocations=11 (full 0):
 garbage-first heap   total 55296K, used 40960K [0x00000000c1400000, 0x0000000100000000)
  region size 1024K, 23 young (23552K), 1 survivors (1024K)
 Metaspace       used 43419K, committed 44032K, reserved 1114112K
  class space    used 5459K, committed 5760K, reserved 1048576K
}
Event: 30.355 GC heap after
{Heap after GC invocations=12 (full 0):
 garbage-first heap   total 55296K, used 20860K [0x00000000c1400000, 0x0000000100000000)
  region size 1024K, 3 young (3072K), 3 survivors (3072K)
 Metaspace       used 43419K, committed 44032K, reserved 1114112K
  class space    used 5459K, committed 5760K, reserved 1048576K
}
Event: 31.485 GC heap before
{Heap before GC invocations=12 (full 0):
 garbage-first heap   total 55296K, used 42364K [0x00000000c1400000, 0x0000000100000000)
  region size 1024K, 24 young (24576K), 3 survivors (3072K)
 Metaspace       used 47061K, committed 47616K, reserved 1114112K
  class space    used 5899K, committed 6144K, reserved 1048576K
}
Event: 31.492 GC heap after
{Heap after GC invocations=13 (full 0):
 garbage-first heap   total 55296K, used 22082K [0x00000000c1400000, 0x0000000100000000)
  region size 1024K, 3 young (3072K), 3 survivors (3072K)
 Metaspace       used 47061K, committed 47616K, reserved 1114112K
  class space    used 5899K, committed 6144K, reserved 1048576K
}

