# JRE version: OpenJDK Runtime Environment Corretto-18.0.2.9.1 (18.0.2+9) (build 18.0.2+9-FR)
# Java VM: OpenJDK 64-Bit Server VM Corretto-18.0.2.9.1 (18.0.2+9-FR, mixed mode, sharing, tiered, compressed oops, compressed class ptrs, g1 gc, windows-amd64)
GC Precious Log:
 CardTable entry size: 512
 Card Set container configuration: InlinePtr #cards 5 size 8 Array Of Cards #cards 12 size 40 Howl #buckets 4 coarsen threshold 1843 Howl Bitmap #cards 512 size 80 coarsen threshold 460 Card regions per heap region 1 cards per card region 2048
 CPUs: 4 total, 4 available
 Memory: 4012M
 Large Page Support: Disabled
 NUMA Support: Disabled
 Compressed Oops: Enabled (32-bit)
 Heap Region Size: 1M
 Heap Min Capacity: 8M
 Heap Initial Capacity: 64M
 Heap Max Capacity: 1004M
 Pre-touch: Disabled
 Parallel Workers: 4
 Concurrent Workers: 1
 Concurrent Refinement Workers: 4
 Periodic GC: Disabled
Heap:
 garbage-first heap   total 58368K, used 34342K [0x00000000c1400000, 0x0000000100000000)
  region size 1024K, 7 young (7168K), 3 survivors (3072K)
 Metaspace       used 68581K, committed 69184K, reserved 1114112K
  class space    used 9181K, committed 9472K, reserved 1048576K
GC Heap History (20 events):
Event: 20.212 GC heap before
{Heap before GC invocations=15 (full 0):
 garbage-first heap   total 51200K, used 39660K [0x00000000c1400000, 0x0000000100000000)
  region size 1024K, 20 young (20480K), 2 survivors (2048K)
 Metaspace       used 52961K, committed 53504K, reserved 1114112K
  class space    used 6780K, committed 7040K, reserved 1048576K
}
Event: 20.217 GC heap after
{Heap after GC invocations=16 (full 0):
 garbage-first heap   total 51200K, used 23026K [0x00000000c1400000, 0x0000000100000000)
  region size 1024K, 2 young (2048K), 2 survivors (2048K)
 Metaspace       used 52961K, committed 53504K, reserved 1114112K
  class space    used 6780K, committed 7040K, reserved 1048576K
}
Event: 21.020 GC heap before
{Heap before GC invocations=16 (full 0):
 garbage-first heap   total 51200K, used 39410K [0x00000000c1400000, 0x0000000100000000)
  region size 1024K, 19 young (19456K), 2 survivors (2048K)
 Metaspace       used 56479K, committed 57088K, reserved 1114112K
  class space    used 7315K, committed 7616K, reserved 1048576K
}
Event: 21.024 GC heap after
{Heap after GC invocations=17 (full 0):
 garbage-first heap   total 51200K, used 23547K [0x00000000c1400000, 0x0000000100000000)
  region size 1024K, 2 young (2048K), 2 survivors (2048K)
 Metaspace       used 56479K, committed 57088K, reserved 1114112K
  class space    used 7315K, committed 7616K, reserved 1048576K
}
Event: 21.731 GC heap before
{Heap before GC invocations=17 (full 0):
 garbage-first heap   total 51200K, used 39931K [0x00000000c1400000, 0x0000000100000000)
  region size 1024K, 19 young (19456K), 2 survivors (2048K)
 Metaspace       used 59462K, committed 60032K, reserved 1114112K
  class space    used 7693K, committed 7936K, reserved 1048576K
}
Event: 21.737 GC heap after
{Heap after GC invocations=18 (full 0):
 garbage-first heap   total 51200K, used 25067K [0x00000000c1400000, 0x0000000100000000)
  region size 1024K, 3 young (3072K), 3 survivors (3072K)
 Metaspace       used 59462K, committed 60032K, reserved 1114112K
  class space    used 7693K, committed 7936K, reserved 1048576K
}
Event: 22.331 GC heap before
{Heap before GC invocations=19 (full 0):
 garbage-first heap   total 51200K, used 40427K [0x00000000c1400000, 0x0000000100000000)
  region size 1024K, 19 young (19456K), 3 survivors (3072K)
 Metaspace       used 61335K, committed 61888K, reserved 1114112K
  class space    used 8108K, committed 8384K, reserved 1048576K
}
Event: 22.341 GC heap after
{Heap after GC invocations=20 (full 0):
 garbage-first heap   total 51200K, used 26033K [0x00000000c1400000, 0x0000000100000000)
  region size 1024K, 3 young (3072K), 3 survivors (3072K)
 Metaspace       used 61335K, committed 61888K, reserved 1114112K
  class space    used 8108K, committed 8384K, reserved 1048576K
}
Event: 22.640 GC heap before
{Heap before GC invocations=20 (full 0):
 garbage-first heap   total 51200K, used 40369K [0x00000000c1400000, 0x0000000100000000)
  region size 1024K, 18 young (18432K), 3 survivors (3072K)
 Metaspace       used 62119K, committed 62720K, reserved 1114112K
  class space    used 8157K, committed 8384K, reserved 1048576K
}
Event: 22.649 GC heap after
{Heap after GC invocations=21 (full 0):
 garbage-first heap   total 51200K, used 26911K [0x00000000c1400000, 0x0000000100000000)
  region size 1024K, 2 young (2048K), 2 survivors (2048K)
 Metaspace       used 62119K, committed 62720K, reserved 1114112K
  class space    used 8157K, committed 8384K, reserved 1048576K
}
Event: 22.968 GC heap before
{Heap before GC invocations=22 (full 0):
 garbage-first heap   total 51200K, used 42271K [0x00000000c1400000, 0x0000000100000000)
  region size 1024K, 17 young (17408K), 2 survivors (2048K)
 Metaspace       used 63176K, committed 63744K, reserved 1114112K
  class space    used 8459K, committed 8704K, reserved 1048576K
}
Event: 22.975 GC heap after
{Heap after GC invocations=23 (full 0):
 garbage-first heap   total 51200K, used 27886K [0x00000000c1400000, 0x0000000100000000)
  region size 1024K, 2 young (2048K), 2 survivors (2048K)
 Metaspace       used 63176K, committed 63744K, reserved 1114112K
  class space    used 8459K, committed 8704K, reserved 1048576K
}
Event: 23.100 GC heap before
{Heap before GC invocations=23 (full 0):
 garbage-first heap   total 51200K, used 42222K [0x00000000c1400000, 0x0000000100000000)
  region size 1024K, 16 young (16384K), 2 survivors (2048K)
 Metaspace       used 63191K, committed 63808K, reserved 1114112K
  class space    used 8459K, committed 8704K, reserved 1048576K
}
Event: 23.107 GC heap after
{Heap after GC invocations=24 (full 0):
 garbage-first heap   total 51200K, used 28027K [0x00000000c1400000, 0x0000000100000000)
  region size 1024K, 2 young (2048K), 2 survivors (2048K)
 Metaspace       used 63191K, committed 63808K, reserved 1114112K
  class space    used 8459K, committed 8704K, reserved 1048576K
}
Event: 23.656 GC heap before
{Heap before GC invocations=25 (full 0):
 garbage-first heap   total 55296K, used 40315K [0x00000000c1400000, 0x0000000100000000)
  region size 1024K, 15 young (15360K), 2 survivors (2048K)
 Metaspace       used 65107K, committed 65664K, reserved 1114112K
  class space    used 8720K, committed 8960K, reserved 1048576K
}
Event: 23.660 GC heap after
{Heap after GC invocations=26 (full 0):
 garbage-first heap   total 55296K, used 28288K [0x00000000c1400000, 0x0000000100000000)
  region size 1024K, 1 young (1024K), 1 survivors (1024K)
 Metaspace       used 65107K, committed 65664K, reserved 1114112K
  class space    used 8720K, committed 8960K, reserved 1048576K
}
Event: 24.289 GC heap before
{Heap before GC invocations=26 (full 0):
 garbage-first heap   total 55296K, used 44672K [0x00000000c1400000, 0x0000000100000000)
  region size 1024K, 17 young (17408K), 1 survivors (1024K)
 Metaspace       used 66570K, committed 67264K, reserved 1114112K
  class space    used 8904K, committed 9216K, reserved 1048576K
}
Event: 24.296 GC heap after
{Heap after GC invocations=27 (full 0):
 garbage-first heap   total 55296K, used 29649K [0x00000000c1400000, 0x0000000100000000)
  region size 1024K, 2 young (2048K), 2 survivors (2048K)
 Metaspace       used 66570K, committed 67264K, reserved 1114112K
  class space    used 8904K, committed 9216K, reserved 1048576K
}
Event: 24.903 GC heap before
{Heap before GC invocations=28 (full 0):
 garbage-first heap   total 58368K, used 43985K [0x00000000c1400000, 0x0000000100000000)
  region size 1024K, 17 young (17408K), 2 survivors (2048K)
 Metaspace       used 68087K, committed 68800K, reserved 1114112K
  class space    used 9116K, committed 9472K, reserved 1048576K
}
Event: 24.911 GC heap after
{Heap after GC invocations=29 (full 0):
 garbage-first heap   total 58368K, used 31270K [0x00000000c1400000, 0x0000000100000000)
  region size 1024K, 3 young (3072K), 3 survivors (3072K)
 Metaspace       used 68087K, committed 68800K, reserved 1114112K
  class space    used 9116K, committed 9472K, reserved 1048576K
}

