# JRE version: OpenJDK Runtime Environment Corretto-18.0.2.9.1 (18.0.2+9) (build 18.0.2+9-FR)
# Java VM: OpenJDK 64-Bit Server VM Corretto-18.0.2.9.1 (18.0.2+9-FR, mixed mode, sharing, tiered, compressed oops, compressed class ptrs, g1 gc, windows-amd64)
GC Precious Log:
 CardTable entry size: 512
 Card Set container configuration: InlinePtr #cards 5 size 8 Array Of Cards #cards 12 size 40 Howl #buckets 4 coarsen threshold 1843 Howl Bitmap #cards 512 size 80 coarsen threshold 460 Card regions per heap region 1 cards per card region 2048
 CPUs: 4 total, 4 available
 Memory: 4012M
 Large Page Support: Disabled
 NUMA Support: Disabled
 Compressed Oops: Enabled (32-bit)
 Heap Region Size: 1M
 Heap Min Capacity: 8M
 Heap Initial Capacity: 64M
 Heap Max Capacity: 1004M
 Pre-touch: Disabled
 Parallel Workers: 4
 Concurrent Workers: 1
 Concurrent Refinement Workers: 4
 Periodic GC: Disabled
Heap:
 garbage-first heap   total 51200K, used 27420K [0x00000000c1400000, 0x0000000100000000)
  region size 1024K, 7 young (7168K), 3 survivors (3072K)
 Metaspace       used 59358K, committed 59968K, reserved 1114112K
  class space    used 7774K, committed 8064K, reserved 1048576K
GC Heap History (20 events):
Event: 8.476 GC heap before
{Heap before GC invocations=7 (full 0):
 garbage-first heap   total 51200K, used 17140K [0x00000000c1400000, 0x0000000100000000)
  region size 1024K, 5 young (5120K), 4 survivors (4096K)
 Metaspace       used 26697K, committed 27136K, reserved 1114112K
  class space    used 3329K, committed 3520K, reserved 1048576K
}
Event: 8.485 GC heap after
{Heap after GC invocations=8 (full 0):
 garbage-first heap   total 51200K, used 16833K [0x00000000c1400000, 0x0000000100000000)
  region size 1024K, 1 young (1024K), 1 survivors (1024K)
 Metaspace       used 26697K, committed 27136K, reserved 1114112K
  class space    used 3329K, committed 3520K, reserved 1048576K
}
Event: 9.430 GC heap before
{Heap before GC invocations=8 (full 0):
 garbage-first heap   total 51200K, used 35265K [0x00000000c1400000, 0x0000000100000000)
  region size 1024K, 20 young (20480K), 1 survivors (1024K)
 Metaspace       used 29905K, committed 30400K, reserved 1114112K
  class space    used 3680K, committed 3904K, reserved 1048576K
}
Event: 9.435 GC heap after
{Heap after GC invocations=9 (full 0):
 garbage-first heap   total 51200K, used 18161K [0x00000000c1400000, 0x0000000100000000)
  region size 1024K, 2 young (2048K), 2 survivors (2048K)
 Metaspace       used 29905K, committed 30400K, reserved 1114112K
  class space    used 3680K, committed 3904K, reserved 1048576K
}
Event: 10.555 GC heap before
{Heap before GC invocations=9 (full 0):
 garbage-first heap   total 51200K, used 36593K [0x00000000c1400000, 0x0000000100000000)
  region size 1024K, 21 young (21504K), 2 survivors (2048K)
 Metaspace       used 34862K, committed 35392K, reserved 1114112K
  class space    used 4398K, committed 4672K, reserved 1048576K
}
Event: 10.562 GC heap after
{Heap after GC invocations=10 (full 0):
 garbage-first heap   total 51200K, used 19103K [0x00000000c1400000, 0x0000000100000000)
  region size 1024K, 1 young (1024K), 1 survivors (1024K)
 Metaspace       used 34862K, committed 35392K, reserved 1114112K
  class space    used 4398K, committed 4672K, reserved 1048576K
}
Event: 10.672 GC heap before
{Heap before GC invocations=10 (full 0):
 garbage-first heap   total 51200K, used 21151K [0x00000000c1400000, 0x0000000100000000)
  region size 1024K, 4 young (4096K), 1 survivors (1024K)
 Metaspace       used 35427K, committed 35968K, reserved 1114112K
  class space    used 4507K, committed 4800K, reserved 1048576K
}
Event: 10.676 GC heap after
{Heap after GC invocations=11 (full 0):
 garbage-first heap   total 51200K, used 19288K [0x00000000c1400000, 0x0000000100000000)
  region size 1024K, 2 young (2048K), 2 survivors (2048K)
 Metaspace       used 35427K, committed 35968K, reserved 1114112K
  class space    used 4507K, committed 4800K, reserved 1048576K
}
Event: 11.905 GC heap before
{Heap before GC invocations=12 (full 0):
 garbage-first heap   total 51200K, used 37720K [0x00000000c1400000, 0x0000000100000000)
  region size 1024K, 21 young (21504K), 2 survivors (2048K)
 Metaspace       used 42640K, committed 43200K, reserved 1114112K
  class space    used 5351K, committed 5632K, reserved 1048576K
}
Event: 11.911 GC heap after
{Heap after GC invocations=13 (full 0):
 garbage-first heap   total 51200K, used 20499K [0x00000000c1400000, 0x0000000100000000)
  region size 1024K, 3 young (3072K), 3 survivors (3072K)
 Metaspace       used 42640K, committed 43200K, reserved 1114112K
  class space    used 5351K, committed 5632K, reserved 1048576K
}
Event: 11.928 GC heap before
{Heap before GC invocations=13 (full 0):
 garbage-first heap   total 51200K, used 21523K [0x00000000c1400000, 0x0000000100000000)
  region size 1024K, 4 young (4096K), 3 survivors (3072K)
 Metaspace       used 42724K, committed 43264K, reserved 1114112K
  class space    used 5370K, committed 5632K, reserved 1048576K
}
Event: 11.935 GC heap after
{Heap after GC invocations=14 (full 0):
 garbage-first heap   total 51200K, used 20543K [0x00000000c1400000, 0x0000000100000000)
  region size 1024K, 1 young (1024K), 1 survivors (1024K)
 Metaspace       used 42724K, committed 43264K, reserved 1114112K
  class space    used 5370K, committed 5632K, reserved 1048576K
}
Event: 12.548 GC heap before
{Heap before GC invocations=14 (full 0):
 garbage-first heap   total 51200K, used 38975K [0x00000000c1400000, 0x0000000100000000)
  region size 1024K, 20 young (20480K), 1 survivors (1024K)
 Metaspace       used 45769K, committed 46272K, reserved 1114112K
  class space    used 5760K, committed 6016K, reserved 1048576K
}
Event: 12.551 GC heap after
{Heap after GC invocations=15 (full 0):
 garbage-first heap   total 51200K, used 21284K [0x00000000c1400000, 0x0000000100000000)
  region size 1024K, 2 young (2048K), 2 survivors (2048K)
 Metaspace       used 45769K, committed 46272K, reserved 1114112K
  class space    used 5760K, committed 6016K, reserved 1048576K
}
Event: 13.468 GC heap before
{Heap before GC invocations=15 (full 0):
 garbage-first heap   total 51200K, used 38692K [0x00000000c1400000, 0x0000000100000000)
  region size 1024K, 20 young (20480K), 2 survivors (2048K)
 Metaspace       used 51635K, committed 52160K, reserved 1114112K
  class space    used 6660K, committed 6912K, reserved 1048576K
}
Event: 13.474 GC heap after
{Heap after GC invocations=16 (full 0):
 garbage-first heap   total 51200K, used 22170K [0x00000000c1400000, 0x0000000100000000)
  region size 1024K, 2 young (2048K), 2 survivors (2048K)
 Metaspace       used 51635K, committed 52160K, reserved 1114112K
  class space    used 6660K, committed 6912K, reserved 1048576K
}
Event: 14.355 GC heap before
{Heap before GC invocations=16 (full 0):
 garbage-first heap   total 51200K, used 39578K [0x00000000c1400000, 0x0000000100000000)
  region size 1024K, 20 young (20480K), 2 survivors (2048K)
 Metaspace       used 55969K, committed 56576K, reserved 1114112K
  class space    used 7346K, committed 7616K, reserved 1048576K
}
Event: 14.360 GC heap after
{Heap after GC invocations=17 (full 0):
 garbage-first heap   total 51200K, used 22964K [0x00000000c1400000, 0x0000000100000000)
  region size 1024K, 2 young (2048K), 2 survivors (2048K)
 Metaspace       used 55969K, committed 56576K, reserved 1114112K
  class space    used 7346K, committed 7616K, reserved 1048576K
}
Event: 15.168 GC heap before
{Heap before GC invocations=17 (full 0):
 garbage-first heap   total 51200K, used 41396K [0x00000000c1400000, 0x0000000100000000)
  region size 1024K, 20 young (20480K), 2 survivors (2048K)
 Metaspace       used 58831K, committed 59456K, reserved 1114112K
  class space    used 7698K, committed 8000K, reserved 1048576K
}
Event: 15.175 GC heap after
{Heap after GC invocations=18 (full 0):
 garbage-first heap   total 51200K, used 24348K [0x00000000c1400000, 0x0000000100000000)
  region size 1024K, 3 young (3072K), 3 survivors (3072K)
 Metaspace       used 58831K, committed 59456K, reserved 1114112K
  class space    used 7698K, committed 8000K, reserved 1048576K
}

