# JRE version: OpenJDK Runtime Environment Corretto-18.0.2.9.1 (18.0.2+9) (build 18.0.2+9-FR)
# Java VM: OpenJDK 64-Bit Server VM Corretto-18.0.2.9.1 (18.0.2+9-FR, mixed mode, sharing, tiered, compressed oops, compressed class ptrs, g1 gc, windows-amd64)
GC Precious Log:
 CardTable entry size: 512
 Card Set container configuration: InlinePtr #cards 5 size 8 Array Of Cards #cards 12 size 40 Howl #buckets 4 coarsen threshold 1843 Howl Bitmap #cards 512 size 80 coarsen threshold 460 Card regions per heap region 1 cards per card region 2048
 CPUs: 4 total, 4 available
 Memory: 4012M
 Large Page Support: Disabled
 NUMA Support: Disabled
 Compressed Oops: Enabled (32-bit)
 Heap Region Size: 1M
 Heap Min Capacity: 8M
 Heap Initial Capacity: 64M
 Heap Max Capacity: 1004M
 Pre-touch: Disabled
 Parallel Workers: 4
 Concurrent Workers: 1
 Concurrent Refinement Workers: 4
 Periodic GC: Disabled
Heap:
 garbage-first heap   total 55296K, used 31959K [0x00000000c1400000, 0x0000000100000000)
  region size 1024K, 8 young (8192K), 2 survivors (2048K)
 Metaspace       used 59813K, committed 60480K, reserved 1114112K
  class space    used 7837K, committed 8192K, reserved 1048576K
GC Heap History (20 events):
Event: 4.429 GC heap before
{Heap before GC invocations=3 (full 0):
 garbage-first heap   total 65536K, used 38709K [0x00000000c1400000, 0x0000000100000000)
  region size 1024K, 32 young (32768K), 2 survivors (2048K)
 Metaspace       used 17800K, committed 18048K, reserved 1114112K
  class space    used 2133K, committed 2240K, reserved 1048576K
}
Event: 4.440 GC heap after
{Heap after GC invocations=4 (full 0):
 garbage-first heap   total 65536K, used 12127K [0x00000000c1400000, 0x0000000100000000)
  region size 1024K, 4 young (4096K), 4 survivors (4096K)
 Metaspace       used 17800K, committed 18048K, reserved 1114112K
  class space    used 2133K, committed 2240K, reserved 1048576K
}
Event: 6.781 GC heap before
{Heap before GC invocations=4 (full 0):
 garbage-first heap   total 65536K, used 39775K [0x00000000c1400000, 0x0000000100000000)
  region size 1024K, 32 young (32768K), 4 survivors (4096K)
 Metaspace       used 21238K, committed 21504K, reserved 1114112K
  class space    used 2553K, committed 2688K, reserved 1048576K
}
Event: 6.795 GC heap after
{Heap after GC invocations=5 (full 0):
 garbage-first heap   total 65536K, used 14558K [0x00000000c1400000, 0x0000000100000000)
  region size 1024K, 3 young (3072K), 3 survivors (3072K)
 Metaspace       used 21238K, committed 21504K, reserved 1114112K
  class space    used 2553K, committed 2688K, reserved 1048576K
}
Event: 9.082 GC heap before
{Heap before GC invocations=6 (full 0):
 garbage-first heap   total 55296K, used 44254K [0x00000000c1400000, 0x0000000100000000)
  region size 1024K, 32 young (32768K), 3 survivors (3072K)
 Metaspace       used 26690K, committed 27136K, reserved 1114112K
  class space    used 3324K, committed 3520K, reserved 1048576K
}
Event: 9.094 GC heap after
{Heap after GC invocations=7 (full 0):
 garbage-first heap   total 55296K, used 17649K [0x00000000c1400000, 0x0000000100000000)
  region size 1024K, 4 young (4096K), 4 survivors (4096K)
 Metaspace       used 26690K, committed 27136K, reserved 1114112K
  class space    used 3324K, committed 3520K, reserved 1048576K
}
Event: 10.551 GC heap before
{Heap before GC invocations=7 (full 0):
 garbage-first heap   total 55296K, used 37105K [0x00000000c1400000, 0x0000000100000000)
  region size 1024K, 24 young (24576K), 4 survivors (4096K)
 Metaspace       used 30092K, committed 30656K, reserved 1114112K
  class space    used 3712K, committed 3968K, reserved 1048576K
}
Event: 10.562 GC heap after
{Heap after GC invocations=8 (full 0):
 garbage-first heap   total 55296K, used 19514K [0x00000000c1400000, 0x0000000100000000)
  region size 1024K, 2 young (2048K), 2 survivors (2048K)
 Metaspace       used 30092K, committed 30656K, reserved 1114112K
  class space    used 3712K, committed 3968K, reserved 1048576K
}
Event: 11.944 GC heap before
{Heap before GC invocations=8 (full 0):
 garbage-first heap   total 55296K, used 39994K [0x00000000c1400000, 0x0000000100000000)
  region size 1024K, 22 young (22528K), 2 survivors (2048K)
 Metaspace       used 35226K, committed 35776K, reserved 1114112K
  class space    used 4459K, committed 4736K, reserved 1048576K
}
Event: 11.951 GC heap after
{Heap after GC invocations=9 (full 0):
 garbage-first heap   total 55296K, used 20580K [0x00000000c1400000, 0x0000000100000000)
  region size 1024K, 2 young (2048K), 2 survivors (2048K)
 Metaspace       used 35226K, committed 35776K, reserved 1114112K
  class space    used 4459K, committed 4736K, reserved 1048576K
}
Event: 12.016 GC heap before
{Heap before GC invocations=9 (full 0):
 garbage-first heap   total 55296K, used 21604K [0x00000000c1400000, 0x0000000100000000)
  region size 1024K, 4 young (4096K), 2 survivors (2048K)
 Metaspace       used 35489K, committed 35968K, reserved 1114112K
  class space    used 4513K, committed 4736K, reserved 1048576K
}
Event: 12.020 GC heap after
{Heap after GC invocations=10 (full 0):
 garbage-first heap   total 55296K, used 20665K [0x00000000c1400000, 0x0000000100000000)
  region size 1024K, 2 young (2048K), 2 survivors (2048K)
 Metaspace       used 35489K, committed 35968K, reserved 1114112K
  class space    used 4513K, committed 4736K, reserved 1048576K
}
Event: 13.682 GC heap before
{Heap before GC invocations=11 (full 0):
 garbage-first heap   total 55296K, used 40121K [0x00000000c1400000, 0x0000000100000000)
  region size 1024K, 22 young (22528K), 2 survivors (2048K)
 Metaspace       used 43039K, committed 43584K, reserved 1114112K
  class space    used 5397K, committed 5632K, reserved 1048576K
}
Event: 13.693 GC heap after
{Heap after GC invocations=12 (full 0):
 garbage-first heap   total 55296K, used 21977K [0x00000000c1400000, 0x0000000100000000)
  region size 1024K, 3 young (3072K), 3 survivors (3072K)
 Metaspace       used 43039K, committed 43584K, reserved 1114112K
  class space    used 5397K, committed 5632K, reserved 1048576K
}
Event: 14.881 GC heap before
{Heap before GC invocations=12 (full 0):
 garbage-first heap   total 55296K, used 41433K [0x00000000c1400000, 0x0000000100000000)
  region size 1024K, 22 young (22528K), 3 survivors (3072K)
 Metaspace       used 46258K, committed 46848K, reserved 1114112K
  class space    used 5804K, committed 6080K, reserved 1048576K
}
Event: 14.889 GC heap after
{Heap after GC invocations=13 (full 0):
 garbage-first heap   total 55296K, used 23026K [0x00000000c1400000, 0x0000000100000000)
  region size 1024K, 3 young (3072K), 3 survivors (3072K)
 Metaspace       used 46258K, committed 46848K, reserved 1114112K
  class space    used 5804K, committed 6080K, reserved 1048576K
}
Event: 16.114 GC heap before
{Heap before GC invocations=13 (full 0):
 garbage-first heap   total 55296K, used 41458K [0x00000000c1400000, 0x0000000100000000)
  region size 1024K, 22 young (22528K), 3 survivors (3072K)
 Metaspace       used 52033K, committed 52544K, reserved 1114112K
  class space    used 6727K, committed 6976K, reserved 1048576K
}
Event: 16.121 GC heap after
{Heap after GC invocations=14 (full 0):
 garbage-first heap   total 55296K, used 23856K [0x00000000c1400000, 0x0000000100000000)
  region size 1024K, 2 young (2048K), 2 survivors (2048K)
 Metaspace       used 52033K, committed 52544K, reserved 1114112K
  class space    used 6727K, committed 6976K, reserved 1048576K
}
Event: 17.086 GC heap before
{Heap before GC invocations=14 (full 0):
 garbage-first heap   total 55296K, used 43312K [0x00000000c1400000, 0x0000000100000000)
  region size 1024K, 21 young (21504K), 2 survivors (2048K)
 Metaspace       used 56543K, committed 57088K, reserved 1114112K
  class space    used 7431K, committed 7680K, reserved 1048576K
}
Event: 17.093 GC heap after
{Heap after GC invocations=15 (full 0):
 garbage-first heap   total 55296K, used 25018K [0x00000000c1400000, 0x0000000100000000)
  region size 1024K, 2 young (2048K), 2 survivors (2048K)
 Metaspace       used 56543K, committed 57088K, reserved 1114112K
  class space    used 7431K, committed 7680K, reserved 1048576K
}

